Using pre-set license
Built from '2021.3/staging' branch; Version is '2021.3.2f1 (d6360bedb9a0) revision 14038539'; Using compiler version '192829333'; Build Type 'Release'
OS: 'Windows 11  (10.0.22000) 64bit Professional' Language: 'en' Physical Memory: 16264 MB
BatchMode: 1, IsHumanControllingUs: 0, StartBugReporterOnCrash: 0, Is64bit: 1, IsPro: 1

COMMAND LINE ARGUMENTS:
D:\2021.3.2f1\Editor\Unity.exe
-adb2
-batchMode
-noUpm
-name
AssetImportWorker0
-projectPath
C:/Users/IrisViolettaLillian/My project (2)
-logFile
Logs/AssetImportWorker0.log
-srvPort
62391
Successfully changed project path to: C:/Users/IrisViolettaLillian/My project (2)
C:/Users/IrisViolettaLillian/My project (2)
[UnityMemory] Configuration Parameters - Can be set up in boot.config
    "memorysetup-bucket-allocator-granularity=16"
    "memorysetup-bucket-allocator-bucket-count=8"
    "memorysetup-bucket-allocator-block-size=33554432"
    "memorysetup-bucket-allocator-block-count=8"
    "memorysetup-main-allocator-block-size=16777216"
    "memorysetup-thread-allocator-block-size=16777216"
    "memorysetup-gfx-main-allocator-block-size=16777216"
    "memorysetup-gfx-thread-allocator-block-size=16777216"
    "memorysetup-cache-allocator-block-size=4194304"
    "memorysetup-typetree-allocator-block-size=2097152"
    "memorysetup-profiler-bucket-allocator-granularity=16"
    "memorysetup-profiler-bucket-allocator-bucket-count=8"
    "memorysetup-profiler-bucket-allocator-block-size=33554432"
    "memorysetup-profiler-bucket-allocator-block-count=8"
    "memorysetup-profiler-allocator-block-size=16777216"
    "memorysetup-profiler-editor-allocator-block-size=1048576"
    "memorysetup-temp-allocator-size-main=16777216"
    "memorysetup-job-temp-allocator-block-size=2097152"
    "memorysetup-job-temp-allocator-block-size-background=1048576"
    "memorysetup-job-temp-allocator-reduction-small-platforms=262144"
    "memorysetup-temp-allocator-size-background-worker=32768"
    "memorysetup-temp-allocator-size-job-worker=262144"
    "memorysetup-temp-allocator-size-preload-manager=33554432"
    "memorysetup-temp-allocator-size-nav-mesh-worker=65536"
    "memorysetup-temp-allocator-size-audio-worker=65536"
    "memorysetup-temp-allocator-size-cloud-worker=32768"
    "memorysetup-temp-allocator-size-gi-baking-worker=262144"
    "memorysetup-temp-allocator-size-gfx=262144"
Refreshing native plugins compatible for Editor in 358.71 ms, found 4 plugins.
Preloading 0 native plugins for Editor in 0.00 ms.
Initialize engine version: 2021.3.2f1 (d6360bedb9a0)
[Subsystems] Discovering subsystems at path D:/2021.3.2f1/Editor/Data/Resources/UnitySubsystems
[Subsystems] Discovering subsystems at path C:/Users/IrisViolettaLillian/My project (2)/Assets
GfxDevice: creating device client; threaded=0; jobified=0
Direct3D:
    Version:  Direct3D 11.0 [level 11.1]
    Renderer: NVIDIA GeForce GTX 1650 (ID=0x1f91)
    Vendor:   NVIDIA
    VRAM:     3962 MB
    Driver:   27.21.14.6230
Initialize mono
Mono path[0] = 'D:/2021.3.2f1/Editor/Data/Managed'
Mono path[1] = 'D:/2021.3.2f1/Editor/Data/MonoBleedingEdge/lib/mono/unityjit-win32'
Mono config path = 'D:/2021.3.2f1/Editor/Data/MonoBleedingEdge/etc'
Using monoOptions --debugger-agent=transport=dt_socket,embedding=1,server=y,suspend=n,address=127.0.0.1:56716
Begin MonoManager ReloadAssembly
Registering precompiled unity dll's ...
Register platform support module: D:/2021.3.2f1/Editor/Data/PlaybackEngines/WebGLSupport/UnityEditor.WebGL.Extensions.dll
Register platform support module: D:/2021.3.2f1/Editor/Data/PlaybackEngines/WindowsStandaloneSupport/UnityEditor.WindowsStandalone.Extensions.dll
Registered in 0.028951 seconds.
Native extension for WindowsStandalone target not found
Native extension for WebGL target not found
Refreshing native plugins compatible for Editor in 634.20 ms, found 4 plugins.
Preloading 0 native plugins for Editor in 0.00 ms.
Mono: successfully reloaded assembly
- Completed reload, in  2.749 seconds
Domain Reload Profiling:
	ReloadAssembly (2751ms)
		BeginReloadAssembly (341ms)
			ExecutionOrderSort (0ms)
			DisableScriptedObjects (0ms)
			BackupInstance (0ms)
			ReleaseScriptingObjects (0ms)
			CreateAndSetChildDomain (2ms)
		EndReloadAssembly (1898ms)
			LoadAssemblies (330ms)
			RebuildTransferFunctionScriptingTraits (0ms)
			SetupTypeCache (439ms)
			ReleaseScriptCaches (0ms)
			RebuildScriptCaches (93ms)
			SetupLoadedEditorAssemblies (1187ms)
				LogAssemblyErrors (0ms)
				InitializePlatformSupportModulesInManaged (26ms)
				SetLoadedEditorAssemblies (1ms)
				RefreshPlugins (634ms)
				BeforeProcessingInitializeOnLoad (4ms)
				ProcessInitializeOnLoadAttributes (406ms)
				ProcessInitializeOnLoadMethodAttributes (115ms)
				AfterProcessingInitializeOnLoad (0ms)
				EditorAssembliesLoaded (0ms)
			ExecutionOrderSort2 (0ms)
			AwakeInstancesAfterBackupRestoration (0ms)
Platform modules already initialized, skipping
Registering precompiled user dll's ...
Registered in 0.026260 seconds.
Begin MonoManager ReloadAssembly
Symbol file LoadedFromMemory doesn't match image C:\Users\IrisViolettaLillian\My project (2)\Library\PackageCache\com.unity.visualscripting@1.7.6\Editor\VisualScripting.Core\Dependencies\DotNetZip\Unity.VisualScripting.IonicZip.dll
Symbol file LoadedFromMemory doesn't match image C:\Users\IrisViolettaLillian\My project (2)\Library\PackageCache\com.unity.visualscripting@1.7.6\Editor\VisualScripting.Core\Dependencies\YamlDotNet\Unity.VisualScripting.YamlDotNet.dll
Native extension for WindowsStandalone target not found
Native extension for WebGL target not found
Refreshing native plugins compatible for Editor in 265.67 ms, found 4 plugins.
Preloading 0 native plugins for Editor in 0.00 ms.
Package Manager log level set to [2]
Mono: successfully reloaded assembly
- Completed reload, in  3.247 seconds
Domain Reload Profiling:
	ReloadAssembly (3249ms)
		BeginReloadAssembly (318ms)
			ExecutionOrderSort (0ms)
			DisableScriptedObjects (15ms)
			BackupInstance (0ms)
			ReleaseScriptingObjects (0ms)
			CreateAndSetChildDomain (39ms)
		EndReloadAssembly (2602ms)
			LoadAssemblies (257ms)
			RebuildTransferFunctionScriptingTraits (0ms)
			SetupTypeCache (601ms)
			ReleaseScriptCaches (1ms)
			RebuildScriptCaches (147ms)
			SetupLoadedEditorAssemblies (1534ms)
				LogAssemblyErrors (0ms)
				InitializePlatformSupportModulesInManaged (15ms)
				SetLoadedEditorAssemblies (0ms)
				RefreshPlugins (266ms)
				BeforeProcessingInitializeOnLoad (302ms)
				ProcessInitializeOnLoadAttributes (552ms)
				ProcessInitializeOnLoadMethodAttributes (364ms)
				AfterProcessingInitializeOnLoad (34ms)
				EditorAssembliesLoaded (0ms)
			ExecutionOrderSort2 (0ms)
			AwakeInstancesAfterBackupRestoration (14ms)
Platform modules already initialized, skipping
========================================================================
Worker process is ready to serve import requests
Launched and connected shader compiler UnityShaderCompiler.exe after 0.13 seconds
Refreshing native plugins compatible for Editor in 2.27 ms, found 4 plugins.
Preloading 0 native plugins for Editor in 0.00 ms.
Unloading 4600 Unused Serialized files (Serialized files now loaded: 0)
Unloading 78 unused Assets / (226.5 KB). Loaded Objects now: 5018.
Memory consumption went from 165.4 MB to 165.1 MB.
Total: 14.535000 ms (FindLiveObjects: 0.564400 ms CreateObjectMapping: 0.504200 ms MarkObjects: 13.228100 ms  DeleteObjects: 0.236600 ms)

AssetImportParameters requested are different than current active one (requested -> active):
  custom:video-decoder-ogg-theora: a1e56fd34408186e4bbccfd4996cb3dc -> 
  custom:container-muxer-webm: aa71ff27fc2769a1b78a27578f13a17b -> 
  custom:container-demuxer-webm: 4f35f7cbe854078d1ac9338744f61a02 -> 
  custom:video-encoder-webm-vp8: eb34c28f22e8b96e1ab97ce403110664 -> 
  custom:audio-encoder-webm-vorbis: bf7c407c2cedff20999df2af8eb42d56 -> 
  custom:framework-win-MediaFoundation: 216162199b28c13a410421893ffa2e32 -> 
  custom:container-demuxer-ogg: 62fdf1f143b41e24485cea50d1cbac27 -> 
  custom:video-decoder-webm-vp8: 9c59270c3fd7afecdb556c50c9e8de78 -> 
  custom:audio-decoder-ogg-vorbis: bf7c407c2cedff20999df2af8eb42d56 -> 
========================================================================
Received Import Request.
  Time since last request: 183085.101217 seconds.
  path: Assets/02. Crystal World/Groundtiles/main_lev_build_1.png
  artifactKey: Guid(83df7c5c89e132b47a6dc1eb0ffd19df) Importer(815301076,1909f56bfc062723c751e8b465ee728b)
Start importing Assets/02. Crystal World/Groundtiles/main_lev_build_1.png using Guid(83df7c5c89e132b47a6dc1eb0ffd19df) Importer(815301076,1909f56bfc062723c751e8b465ee728b)  -> (artifact id: '54387d9016d1e8fcd15614dde07b0657') in 1.107260 seconds 
========================================================================
Received Import Request.
  Time since last request: 22.177617 seconds.
  path: Assets/Pallete/Character_pallete.prefab
  artifactKey: Guid(e5e5b2017905fc142b1dc94712b42ddc) Importer(815301076,1909f56bfc062723c751e8b465ee728b)
Start importing Assets/Pallete/Character_pallete.prefab using Guid(e5e5b2017905fc142b1dc94712b42ddc) Importer(815301076,1909f56bfc062723c751e8b465ee728b)  -> (artifact id: '910ed36175c163b0aab3b7da076bc1a5') in 0.426488 seconds 
========================================================================
Received Import Request.
  Time since last request: 0.000040 seconds.
  path: Assets/Pallete/main_lev_build_1_4.asset
  artifactKey: Guid(7e12ca2f83e8fe8419b58f87387eddb3) Importer(815301076,1909f56bfc062723c751e8b465ee728b)
Start importing Assets/Pallete/main_lev_build_1_4.asset using Guid(7e12ca2f83e8fe8419b58f87387eddb3) Importer(815301076,1909f56bfc062723c751e8b465ee728b)  -> (artifact id: 'e82137f17679d1c5b50d89916c90e7f3') in 0.113151 seconds 
========================================================================
Received Import Request.
  Time since last request: 0.000052 seconds.
  path: Assets/Pallete/diamond_big_06.asset
  artifactKey: Guid(580acb0c455e0924e901004510b88338) Importer(815301076,1909f56bfc062723c751e8b465ee728b)
Start importing Assets/Pallete/diamond_big_06.asset using Guid(580acb0c455e0924e901004510b88338) Importer(815301076,1909f56bfc062723c751e8b465ee728b)  -> (artifact id: 'ed4eb919726d4f499d7c55956d364558') in 0.024323 seconds 
========================================================================
Received Import Request.
  Time since last request: 0.000041 seconds.
  path: Assets/Pallete/dagger07.asset
  artifactKey: Guid(af9f6c790303a3f4a803957615f8818c) Importer(815301076,1909f56bfc062723c751e8b465ee728b)
Start importing Assets/Pallete/dagger07.asset using Guid(af9f6c790303a3f4a803957615f8818c) Importer(815301076,1909f56bfc062723c751e8b465ee728b)  -> (artifact id: '58f09b1356b96376e11e455a8e50caab') in 0.087801 seconds 
========================================================================
Received Import Request.
  Time since last request: 0.000032 seconds.
  path: Assets/Pallete/level1_pallete.prefab
  artifactKey: Guid(52f702d658a8a1548ae08ab2b48be016) Importer(815301076,1909f56bfc062723c751e8b465ee728b)
Start importing Assets/Pallete/level1_pallete.prefab using Guid(52f702d658a8a1548ae08ab2b48be016) Importer(815301076,1909f56bfc062723c751e8b465ee728b)  -> (artifact id: '82704fda6e70040f2c4a81979dac50e8') in 0.189684 seconds 
========================================================================
Received Import Request.
  Time since last request: 0.000043 seconds.
  path: Assets/Pallete/main_lev_build_1_37.asset
  artifactKey: Guid(81abde9fd9dcad54496d43699477960a) Importer(815301076,1909f56bfc062723c751e8b465ee728b)
Start importing Assets/Pallete/main_lev_build_1_37.asset using Guid(81abde9fd9dcad54496d43699477960a) Importer(815301076,1909f56bfc062723c751e8b465ee728b)  -> (artifact id: 'cf219ef982a940c5ca28a140a298fee1') in 0.036611 seconds 
========================================================================
Received Import Request.
  Time since last request: 0.000036 seconds.
  path: Assets/Pallete/main_lev_build_1_55.asset
  artifactKey: Guid(4205d500755282244a8cea06a6ccbeaf) Importer(815301076,1909f56bfc062723c751e8b465ee728b)
Start importing Assets/Pallete/main_lev_build_1_55.asset using Guid(4205d500755282244a8cea06a6ccbeaf) Importer(815301076,1909f56bfc062723c751e8b465ee728b)  -> (artifact id: 'd59a7418ebfa47e59a3a94652295172f') in 0.023632 seconds 
========================================================================
Received Import Request.
  Time since last request: 0.000029 seconds.
  path: Assets/Pallete/main_lev_build_1_30.asset
  artifactKey: Guid(9eee386f551fb54419bb54fbc43fbb35) Importer(815301076,1909f56bfc062723c751e8b465ee728b)
Start importing Assets/Pallete/main_lev_build_1_30.asset using Guid(9eee386f551fb54419bb54fbc43fbb35) Importer(815301076,1909f56bfc062723c751e8b465ee728b)  -> (artifact id: 'eea8ca43e52cb5dadf32022456030ba6') in 0.024948 seconds 
========================================================================
Received Import Request.
  Time since last request: 0.000031 seconds.
  path: Assets/Pallete/main_lev_build_1_77.asset
  artifactKey: Guid(93e7786a2387dc04ba2a5f2d5c483fea) Importer(815301076,1909f56bfc062723c751e8b465ee728b)
Start importing Assets/Pallete/main_lev_build_1_77.asset using Guid(93e7786a2387dc04ba2a5f2d5c483fea) Importer(815301076,1909f56bfc062723c751e8b465ee728b)  -> (artifact id: '59056d9ec2956072845408f9f2318a8a') in 0.027511 seconds 
========================================================================
Received Import Request.
  Time since last request: 0.000035 seconds.
  path: Assets/Pallete/main_lev_build_1_54.asset
  artifactKey: Guid(b91a01fa16815614485bccb5c0984937) Importer(815301076,1909f56bfc062723c751e8b465ee728b)
Start importing Assets/Pallete/main_lev_build_1_54.asset using Guid(b91a01fa16815614485bccb5c0984937) Importer(815301076,1909f56bfc062723c751e8b465ee728b)  -> (artifact id: 'f045902302ff6bb702df3003da634825') in 0.025711 seconds 
========================================================================
Received Import Request.
  Time since last request: 0.000034 seconds.
  path: Assets/Pallete/main_lev_build_1_80.asset
  artifactKey: Guid(fd4dcefe9a623c843bfb8567a65c0b1f) Importer(815301076,1909f56bfc062723c751e8b465ee728b)
Start importing Assets/Pallete/main_lev_build_1_80.asset using Guid(fd4dcefe9a623c843bfb8567a65c0b1f) Importer(815301076,1909f56bfc062723c751e8b465ee728b)  -> (artifact id: '5a473c6e6750ea5b2d18d2fb67b1c4bf') in 0.026213 seconds 
========================================================================
Received Import Request.
  Time since last request: 0.000042 seconds.
  path: Assets/Pallete/main_lev_build_1_61.asset
  artifactKey: Guid(ca0a8fbe748d2c2459e5ddcfe034bc46) Importer(815301076,1909f56bfc062723c751e8b465ee728b)
Start importing Assets/Pallete/main_lev_build_1_61.asset using Guid(ca0a8fbe748d2c2459e5ddcfe034bc46) Importer(815301076,1909f56bfc062723c751e8b465ee728b)  -> (artifact id: '611f2970b91c3ef488ac2b9e6e069982') in 0.033949 seconds 
========================================================================
Received Import Request.
  Time since last request: 0.000041 seconds.
  path: Assets/Pallete/main_lev_build_1_94.asset
  artifactKey: Guid(836a7b709c8181242ac9727d762cbedf) Importer(815301076,1909f56bfc062723c751e8b465ee728b)
Start importing Assets/Pallete/main_lev_build_1_94.asset using Guid(836a7b709c8181242ac9727d762cbedf) Importer(815301076,1909f56bfc062723c751e8b465ee728b)  -> (artifact id: '1cab2ceb6f6cc00b3cb174ff53b2b714') in 0.025268 seconds 
========================================================================
Received Import Request.
  Time since last request: 0.000036 seconds.
  path: Assets/Pallete/main_lev_build_1_73.asset
  artifactKey: Guid(f126ac0c73b6f514d8fc6ca1f906a3e6) Importer(815301076,1909f56bfc062723c751e8b465ee728b)
Start importing Assets/Pallete/main_lev_build_1_73.asset using Guid(f126ac0c73b6f514d8fc6ca1f906a3e6) Importer(815301076,1909f56bfc062723c751e8b465ee728b)  -> (artifact id: '0c86f9ac4a87fd64f5891b79b3963927') in 0.021309 seconds 
========================================================================
Received Import Request.
  Time since last request: 0.000023 seconds.
  path: Assets/Pallete/main_lev_build_1_34.asset
  artifactKey: Guid(c37033ee912c1dd4681a022dd9f94816) Importer(815301076,1909f56bfc062723c751e8b465ee728b)
Start importing Assets/Pallete/main_lev_build_1_34.asset using Guid(c37033ee912c1dd4681a022dd9f94816) Importer(815301076,1909f56bfc062723c751e8b465ee728b)  -> (artifact id: '356844358070fdf0c67da89488382129') in 0.021391 seconds 
========================================================================
Received Import Request.
  Time since last request: 0.000024 seconds.
  path: Assets/Pallete/main_lev_build_1_68.asset
  artifactKey: Guid(7ceae2b03414a4f4caec030b74543e82) Importer(815301076,1909f56bfc062723c751e8b465ee728b)
Start importing Assets/Pallete/main_lev_build_1_68.asset using Guid(7ceae2b03414a4f4caec030b74543e82) Importer(815301076,1909f56bfc062723c751e8b465ee728b)  -> (artifact id: '98a3cf10bc54a770499e4c163573447c') in 0.020169 seconds 
========================================================================
Received Import Request.
  Time since last request: 0.000035 seconds.
  path: Assets/Pallete/main_lev_build_1_2.asset
  artifactKey: Guid(e4b1eb277e8e50a46872d04573e2fb3b) Importer(815301076,1909f56bfc062723c751e8b465ee728b)
Start importing Assets/Pallete/main_lev_build_1_2.asset using Guid(e4b1eb277e8e50a46872d04573e2fb3b) Importer(815301076,1909f56bfc062723c751e8b465ee728b)  -> (artifact id: 'dc5a9de2fbd4f4c73f0cd2816955d09a') in 0.023773 seconds 
========================================================================
Received Import Request.
  Time since last request: 0.000027 seconds.
  path: Assets/Pallete/main_lev_build_1_40.asset
  artifactKey: Guid(0f69debe0bf24254c93ecbba859a9db4) Importer(815301076,1909f56bfc062723c751e8b465ee728b)
Start importing Assets/Pallete/main_lev_build_1_40.asset using Guid(0f69debe0bf24254c93ecbba859a9db4) Importer(815301076,1909f56bfc062723c751e8b465ee728b)  -> (artifact id: 'de24fad479422a25f35c55d53b6f4234') in 0.019848 seconds 
========================================================================
Received Import Request.
  Time since last request: 0.000051 seconds.
  path: Assets/Pallete/main_lev_build_1_67.asset
  artifactKey: Guid(52d41ec9b3a672f4b8be0c17e8ef729f) Importer(815301076,1909f56bfc062723c751e8b465ee728b)
Start importing Assets/Pallete/main_lev_build_1_67.asset using Guid(52d41ec9b3a672f4b8be0c17e8ef729f) Importer(815301076,1909f56bfc062723c751e8b465ee728b)  -> (artifact id: '1fdaae15e8a31286ebbbf0feb0119848') in 0.020816 seconds 
========================================================================
Received Import Request.
  Time since last request: 0.000147 seconds.
  path: Assets/Pallete/main_lev_build_1_79.asset
  artifactKey: Guid(48ba1137f3009624d8b0c2d5ca732c36) Importer(815301076,1909f56bfc062723c751e8b465ee728b)
Start importing Assets/Pallete/main_lev_build_1_79.asset using Guid(48ba1137f3009624d8b0c2d5ca732c36) Importer(815301076,1909f56bfc062723c751e8b465ee728b)  -> (artifact id: 'a1710d7a7c77fa4a75e7b95ad6accc5b') in 0.022760 seconds 
========================================================================
Received Import Request.
  Time since last request: 0.000030 seconds.
  path: Assets/Pallete/main_lev_build_1_100.asset
  artifactKey: Guid(ceb4dc01075564946815d61a0ef102ec) Importer(815301076,1909f56bfc062723c751e8b465ee728b)
Start importing Assets/Pallete/main_lev_build_1_100.asset using Guid(ceb4dc01075564946815d61a0ef102ec) Importer(815301076,1909f56bfc062723c751e8b465ee728b)  -> (artifact id: '716ee26c416c623293cfa07c2961c8d9') in 0.022478 seconds 
========================================================================
Received Import Request.
  Time since last request: 0.000024 seconds.
  path: Assets/Pallete/main_lev_build_1_88.asset
  artifactKey: Guid(db4c9897cacfcf544925583fb7a94760) Importer(815301076,1909f56bfc062723c751e8b465ee728b)
Start importing Assets/Pallete/main_lev_build_1_88.asset using Guid(db4c9897cacfcf544925583fb7a94760) Importer(815301076,1909f56bfc062723c751e8b465ee728b)  -> (artifact id: '0f748aaa00a353ed8797baa5ec83ebd8') in 0.020455 seconds 
========================================================================
Received Import Request.
  Time since last request: 0.000031 seconds.
  path: Assets/Pallete/main_lev_build_1_71.asset
  artifactKey: Guid(6c84ca16796a40c458bd52e9a1be27fc) Importer(815301076,1909f56bfc062723c751e8b465ee728b)
Start importing Assets/Pallete/main_lev_build_1_71.asset using Guid(6c84ca16796a40c458bd52e9a1be27fc) Importer(815301076,1909f56bfc062723c751e8b465ee728b)  -> (artifact id: 'f50d6d5067943ac14340ee8dc9eaded4') in 0.020637 seconds 
========================================================================
Received Import Request.
  Time since last request: 0.000031 seconds.
  path: Assets/Pallete/main_lev_build_1_36.asset
  artifactKey: Guid(2e7d4a7a4e378dc44a3b6c5a5d22a825) Importer(815301076,1909f56bfc062723c751e8b465ee728b)
Start importing Assets/Pallete/main_lev_build_1_36.asset using Guid(2e7d4a7a4e378dc44a3b6c5a5d22a825) Importer(815301076,1909f56bfc062723c751e8b465ee728b)  -> (artifact id: '3db8c032ac9061b79bd82256d4af83fd') in 0.020453 seconds 
========================================================================
Received Import Request.
  Time since last request: 0.000033 seconds.
  path: Assets/Pallete/main_lev_build_1_56.asset
  artifactKey: Guid(54146ac90088b7e42a290184c8dd4a4d) Importer(815301076,1909f56bfc062723c751e8b465ee728b)
Start importing Assets/Pallete/main_lev_build_1_56.asset using Guid(54146ac90088b7e42a290184c8dd4a4d) Importer(815301076,1909f56bfc062723c751e8b465ee728b)  -> (artifact id: '537e597e1770c0b1396d4e6c2f4f8e19') in 0.019887 seconds 
========================================================================
Received Import Request.
  Time since last request: 0.000032 seconds.
  path: Assets/Pallete/main_lev_build_1_49.asset
  artifactKey: Guid(065957ae1f51be746a61f51b3b32dee5) Importer(815301076,1909f56bfc062723c751e8b465ee728b)
Start importing Assets/Pallete/main_lev_build_1_49.asset using Guid(065957ae1f51be746a61f51b3b32dee5) Importer(815301076,1909f56bfc062723c751e8b465ee728b)  -> (artifact id: '2aed4cbb4befe77a391b42b141476719') in 0.023801 seconds 
========================================================================
Received Import Request.
  Time since last request: 0.000086 seconds.
  path: Assets/Pallete/main_lev_build_1_99.asset
  artifactKey: Guid(526613d96a2cb2f47bc30dee379608d8) Importer(815301076,1909f56bfc062723c751e8b465ee728b)
Start importing Assets/Pallete/main_lev_build_1_99.asset using Guid(526613d96a2cb2f47bc30dee379608d8) Importer(815301076,1909f56bfc062723c751e8b465ee728b)  -> (artifact id: 'd5eb2cc6edf6764a4ecfcbf3c215029e') in 0.019219 seconds 
========================================================================
Received Import Request.
  Time since last request: 0.000041 seconds.
  path: Assets/Pallete/main_lev_build_1_1.asset
  artifactKey: Guid(eb523a00e4515c34286db5a901c1eca9) Importer(815301076,1909f56bfc062723c751e8b465ee728b)
Start importing Assets/Pallete/main_lev_build_1_1.asset using Guid(eb523a00e4515c34286db5a901c1eca9) Importer(815301076,1909f56bfc062723c751e8b465ee728b)  -> (artifact id: '6f77519fae05e877221ef8021f14428f') in 0.020733 seconds 
========================================================================
Received Import Request.
  Time since last request: 0.000042 seconds.
  path: Assets/Pallete/main_lev_build_1_69.asset
  artifactKey: Guid(ea08355e82c7368479bbc576fa8ed3bb) Importer(815301076,1909f56bfc062723c751e8b465ee728b)
Start importing Assets/Pallete/main_lev_build_1_69.asset using Guid(ea08355e82c7368479bbc576fa8ed3bb) Importer(815301076,1909f56bfc062723c751e8b465ee728b)  -> (artifact id: '79da50338c95917678faa81c66f0858c') in 0.021848 seconds 
========================================================================
Received Import Request.
  Time since last request: 0.000025 seconds.
  path: Assets/Pallete/main_lev_build_1_18.asset
  artifactKey: Guid(d241f0db0cd89074bb3728b226b077cd) Importer(815301076,1909f56bfc062723c751e8b465ee728b)
Start importing Assets/Pallete/main_lev_build_1_18.asset using Guid(d241f0db0cd89074bb3728b226b077cd) Importer(815301076,1909f56bfc062723c751e8b465ee728b)  -> (artifact id: '6c4d33bb1e6871cdbc965410ec925c8d') in 0.023527 seconds 
========================================================================
Received Import Request.
  Time since last request: 0.000023 seconds.
  path: Assets/Pallete/dagger04.asset
  artifactKey: Guid(68329163697b945459b653f9750f4207) Importer(815301076,1909f56bfc062723c751e8b465ee728b)
Start importing Assets/Pallete/dagger04.asset using Guid(68329163697b945459b653f9750f4207) Importer(815301076,1909f56bfc062723c751e8b465ee728b)  -> (artifact id: '7be44df937305478e4e3e87ecc8b72ea') in 0.058149 seconds 
========================================================================
Received Import Request.
  Time since last request: 0.000039 seconds.
  path: Assets/Pallete/main_lev_build_1_78.asset
  artifactKey: Guid(652a0ed3bf3d9864d990826204626ad3) Importer(815301076,1909f56bfc062723c751e8b465ee728b)
Start importing Assets/Pallete/main_lev_build_1_78.asset using Guid(652a0ed3bf3d9864d990826204626ad3) Importer(815301076,1909f56bfc062723c751e8b465ee728b)  -> (artifact id: 'b12a6d269f2c04a99541fc0ba1db3619') in 0.022955 seconds 
========================================================================
Received Import Request.
  Time since last request: 0.000033 seconds.
  path: Assets/Pallete/main_lev_build_1_60.asset
  artifactKey: Guid(4cca108bc8b70834892f0f6de1c5837f) Importer(815301076,1909f56bfc062723c751e8b465ee728b)
Start importing Assets/Pallete/main_lev_build_1_60.asset using Guid(4cca108bc8b70834892f0f6de1c5837f) Importer(815301076,1909f56bfc062723c751e8b465ee728b)  -> (artifact id: '18e34efef49762736618723185210e57') in 0.021611 seconds 
========================================================================
Received Import Request.
  Time since last request: 0.000027 seconds.
  path: Assets/Pallete/dagger08.asset
  artifactKey: Guid(65db9242370ff57489485364230400b0) Importer(815301076,1909f56bfc062723c751e8b465ee728b)
Start importing Assets/Pallete/dagger08.asset using Guid(65db9242370ff57489485364230400b0) Importer(815301076,1909f56bfc062723c751e8b465ee728b)  -> (artifact id: '16d9b51caf66eba6b4a1696759d11609') in 0.047146 seconds 
========================================================================
Received Import Request.
  Time since last request: 0.000037 seconds.
  path: Assets/Pallete/main_lev_build_1_86.asset
  artifactKey: Guid(41f681cd434fe004aaf89a3dc25736b5) Importer(815301076,1909f56bfc062723c751e8b465ee728b)
Start importing Assets/Pallete/main_lev_build_1_86.asset using Guid(41f681cd434fe004aaf89a3dc25736b5) Importer(815301076,1909f56bfc062723c751e8b465ee728b)  -> (artifact id: 'f0ad9cb33f5b92f1dd07dd3b1230e7ee') in 0.019348 seconds 
========================================================================
Received Import Request.
  Time since last request: 0.000029 seconds.
  path: Assets/Pallete/main_lev_build_1_7.asset
  artifactKey: Guid(1bd95d79fb613034b9b208f43908565d) Importer(815301076,1909f56bfc062723c751e8b465ee728b)
Start importing Assets/Pallete/main_lev_build_1_7.asset using Guid(1bd95d79fb613034b9b208f43908565d) Importer(815301076,1909f56bfc062723c751e8b465ee728b)  -> (artifact id: 'e9e237ce2c0dec72a4fb2bd117d40dc3') in 0.022443 seconds 
========================================================================
Received Import Request.
  Time since last request: 0.000032 seconds.
  path: Assets/Pallete/diamond_small04.asset
  artifactKey: Guid(63d28d38752bbaa4d9a699d584a97722) Importer(815301076,1909f56bfc062723c751e8b465ee728b)
Start importing Assets/Pallete/diamond_small04.asset using Guid(63d28d38752bbaa4d9a699d584a97722) Importer(815301076,1909f56bfc062723c751e8b465ee728b)  -> (artifact id: '6c215ec51b0658d1fe0d05ab33cc0103') in 0.041203 seconds 
========================================================================
Received Import Request.
  Time since last request: 0.000040 seconds.
  path: Assets/Pallete/main_lev_build_1_87.asset
  artifactKey: Guid(85a0f3fb30e60554da116fd5b27d56ff) Importer(815301076,1909f56bfc062723c751e8b465ee728b)
Start importing Assets/Pallete/main_lev_build_1_87.asset using Guid(85a0f3fb30e60554da116fd5b27d56ff) Importer(815301076,1909f56bfc062723c751e8b465ee728b)  -> (artifact id: '4d1bf4c237328dc486c2a785eac2bfd7') in 0.049925 seconds 
========================================================================
Received Import Request.
  Time since last request: 0.000044 seconds.
  path: Assets/Pallete/main_lev_build_1_95.asset
  artifactKey: Guid(ed7417ae77931f24aaa0f0767946fcb2) Importer(815301076,1909f56bfc062723c751e8b465ee728b)
Start importing Assets/Pallete/main_lev_build_1_95.asset using Guid(ed7417ae77931f24aaa0f0767946fcb2) Importer(815301076,1909f56bfc062723c751e8b465ee728b)  -> (artifact id: 'f907dbbdee067df607a45eb35daedacc') in 0.031202 seconds 
========================================================================
Received Import Request.
  Time since last request: 0.000059 seconds.
  path: Assets/Pallete/main_lev_build_1_59.asset
  artifactKey: Guid(710daf18f4389304384b5fd8f405b86a) Importer(815301076,1909f56bfc062723c751e8b465ee728b)
Start importing Assets/Pallete/main_lev_build_1_59.asset using Guid(710daf18f4389304384b5fd8f405b86a) Importer(815301076,1909f56bfc062723c751e8b465ee728b)  -> (artifact id: 'bdc2ca32222ff312e00f965e8b8a1832') in 0.030361 seconds 
========================================================================
Received Import Request.
  Time since last request: 0.000026 seconds.
  path: Assets/Pallete/main_lev_build_1_45.asset
  artifactKey: Guid(862f45af1e5ab8f4f9ef4d8a928c4521) Importer(815301076,1909f56bfc062723c751e8b465ee728b)
Start importing Assets/Pallete/main_lev_build_1_45.asset using Guid(862f45af1e5ab8f4f9ef4d8a928c4521) Importer(815301076,1909f56bfc062723c751e8b465ee728b)  -> (artifact id: '0eae9cd43c15ae75f32e2e3d859bf790') in 0.024027 seconds 
========================================================================
Received Import Request.
  Time since last request: 0.000051 seconds.
  path: Assets/Pallete/main_lev_build_1_58.asset
  artifactKey: Guid(22c247edd399eb2428a72e12ad112278) Importer(815301076,1909f56bfc062723c751e8b465ee728b)
Start importing Assets/Pallete/main_lev_build_1_58.asset using Guid(22c247edd399eb2428a72e12ad112278) Importer(815301076,1909f56bfc062723c751e8b465ee728b)  -> (artifact id: '60b92eb898417449a17a885ab31b73b1') in 0.025486 seconds 
========================================================================
Received Import Request.
  Time since last request: 0.000033 seconds.
  path: Assets/Pallete/main_lev_build_1_21.asset
  artifactKey: Guid(b66861fe824118542a35019433aec434) Importer(815301076,1909f56bfc062723c751e8b465ee728b)
Start importing Assets/Pallete/main_lev_build_1_21.asset using Guid(b66861fe824118542a35019433aec434) Importer(815301076,1909f56bfc062723c751e8b465ee728b)  -> (artifact id: '6a01968eb923e34ade04f04532b5635a') in 0.023123 seconds 
========================================================================
Received Import Request.
  Time since last request: 0.000030 seconds.
  path: Assets/Pallete/main_lev_build_1_83.asset
  artifactKey: Guid(5f97e8708de662d44ba8ca48765748c6) Importer(815301076,1909f56bfc062723c751e8b465ee728b)
Start importing Assets/Pallete/main_lev_build_1_83.asset using Guid(5f97e8708de662d44ba8ca48765748c6) Importer(815301076,1909f56bfc062723c751e8b465ee728b)  -> (artifact id: '7ceb80aabd9151a176f5060b2c79215d') in 0.023934 seconds 
========================================================================
Received Import Request.
  Time since last request: 0.000042 seconds.
  path: Assets/Pallete/main_lev_build_1_32.asset
  artifactKey: Guid(0619fcfe76e6a354b977faca567eda4e) Importer(815301076,1909f56bfc062723c751e8b465ee728b)
Start importing Assets/Pallete/main_lev_build_1_32.asset using Guid(0619fcfe76e6a354b977faca567eda4e) Importer(815301076,1909f56bfc062723c751e8b465ee728b)  -> (artifact id: '6456e17e47e0c1920112cee667c25c8b') in 0.029752 seconds 
========================================================================
Received Import Request.
  Time since last request: 0.000038 seconds.
  path: Assets/Pallete/heart02.asset
  artifactKey: Guid(07adf42bf33d7cc4fbd71e61015823b8) Importer(815301076,1909f56bfc062723c751e8b465ee728b)
Start importing Assets/Pallete/heart02.asset using Guid(07adf42bf33d7cc4fbd71e61015823b8) Importer(815301076,1909f56bfc062723c751e8b465ee728b)  -> (artifact id: '15efc14bcbac7546bc2634d828869d23') in 0.036921 seconds 
========================================================================
Received Import Request.
  Time since last request: 0.000034 seconds.
  path: Assets/Pallete/main_lev_build_1_72.asset
  artifactKey: Guid(1ada79333e7f0b14cba48c02ede7f762) Importer(815301076,1909f56bfc062723c751e8b465ee728b)
Start importing Assets/Pallete/main_lev_build_1_72.asset using Guid(1ada79333e7f0b14cba48c02ede7f762) Importer(815301076,1909f56bfc062723c751e8b465ee728b)  -> (artifact id: '9f20d5e76fd30030ebb613818e4b5198') in 0.024079 seconds 
========================================================================
Received Import Request.
  Time since last request: 0.000032 seconds.
  path: Assets/Pallete/dagger01.asset
  artifactKey: Guid(5f7005a6559a72f488a688d855936aa8) Importer(815301076,1909f56bfc062723c751e8b465ee728b)
Start importing Assets/Pallete/dagger01.asset using Guid(5f7005a6559a72f488a688d855936aa8) Importer(815301076,1909f56bfc062723c751e8b465ee728b)  -> (artifact id: '95d8e11f83d0ab24196efe0f3ff1bf82') in 0.093430 seconds 
========================================================================
Received Import Request.
  Time since last request: 0.000133 seconds.
  path: Assets/Pallete/main_lev_build_1_9.asset
  artifactKey: Guid(4950b2b8ec2a8714aad7fc843a33a445) Importer(815301076,1909f56bfc062723c751e8b465ee728b)
Start importing Assets/Pallete/main_lev_build_1_9.asset using Guid(4950b2b8ec2a8714aad7fc843a33a445) Importer(815301076,1909f56bfc062723c751e8b465ee728b)  -> (artifact id: 'e9408252831ca3300b41bdf2df14a262') in 0.072999 seconds 
========================================================================
Received Import Request.
  Time since last request: 0.000046 seconds.
  path: Assets/Pallete/main_lev_build_1_3.asset
  artifactKey: Guid(df69842afd276b644acc9758d8ba332f) Importer(815301076,1909f56bfc062723c751e8b465ee728b)
Start importing Assets/Pallete/main_lev_build_1_3.asset using Guid(df69842afd276b644acc9758d8ba332f) Importer(815301076,1909f56bfc062723c751e8b465ee728b)  -> (artifact id: 'abe7d341a979a8a371c2260408d0f34f') in 0.045113 seconds 
========================================================================
Received Import Request.
  Time since last request: 0.000039 seconds.
  path: Assets/Pallete/dagger05.asset
  artifactKey: Guid(d92433f70d4dab344addb9fc69d3ca7f) Importer(815301076,1909f56bfc062723c751e8b465ee728b)
Start importing Assets/Pallete/dagger05.asset using Guid(d92433f70d4dab344addb9fc69d3ca7f) Importer(815301076,1909f56bfc062723c751e8b465ee728b)  -> (artifact id: '74b4eb5261d07e45ee3498084ae62794') in 0.033993 seconds 
========================================================================
Received Import Request.
  Time since last request: 0.000036 seconds.
  path: Assets/Pallete/main_lev_build_1_27.asset
  artifactKey: Guid(00a08b6faec6da64c86a85b2e3b0f6da) Importer(815301076,1909f56bfc062723c751e8b465ee728b)
Start importing Assets/Pallete/main_lev_build_1_27.asset using Guid(00a08b6faec6da64c86a85b2e3b0f6da) Importer(815301076,1909f56bfc062723c751e8b465ee728b)  -> (artifact id: '7c988c8b464e359ac52a55995bbfe086') in 0.030600 seconds 
========================================================================
Received Import Request.
  Time since last request: 0.000031 seconds.
  path: Assets/Pallete/heart06.asset
  artifactKey: Guid(edff52f7244f5964c83af830e4f732a4) Importer(815301076,1909f56bfc062723c751e8b465ee728b)
Start importing Assets/Pallete/heart06.asset using Guid(edff52f7244f5964c83af830e4f732a4) Importer(815301076,1909f56bfc062723c751e8b465ee728b)  -> (artifact id: '44e0dce59bd59655240fb2f751c7992b') in 0.032787 seconds 
========================================================================
Received Import Request.
  Time since last request: 0.000039 seconds.
  path: Assets/Pallete/main_lev_build_1_85.asset
  artifactKey: Guid(571a0efaaf5a20141b7e63b46d60cf6e) Importer(815301076,1909f56bfc062723c751e8b465ee728b)
Start importing Assets/Pallete/main_lev_build_1_85.asset using Guid(571a0efaaf5a20141b7e63b46d60cf6e) Importer(815301076,1909f56bfc062723c751e8b465ee728b)  -> (artifact id: 'eefee3d4b77c43d4823385b291a3fb62') in 0.028470 seconds 
========================================================================
Received Import Request.
  Time since last request: 0.000053 seconds.
  path: Assets/Pallete/heart05.asset
  artifactKey: Guid(64c5ec6110ba1e64089036cdc518f6d0) Importer(815301076,1909f56bfc062723c751e8b465ee728b)
Start importing Assets/Pallete/heart05.asset using Guid(64c5ec6110ba1e64089036cdc518f6d0) Importer(815301076,1909f56bfc062723c751e8b465ee728b)  -> (artifact id: 'df0cb18fb3fae68830d3166906b5092f') in 0.037728 seconds 
========================================================================
Received Import Request.
  Time since last request: 0.000032 seconds.
  path: Assets/Pallete/main_lev_build_1_103.asset
  artifactKey: Guid(d00c1b7a54be7d447a0e05a12535a2a2) Importer(815301076,1909f56bfc062723c751e8b465ee728b)
Start importing Assets/Pallete/main_lev_build_1_103.asset using Guid(d00c1b7a54be7d447a0e05a12535a2a2) Importer(815301076,1909f56bfc062723c751e8b465ee728b)  -> (artifact id: '29ba571b14ba0136955b49c2eb2c8ad7') in 0.028744 seconds 
========================================================================
Received Import Request.
  Time since last request: 0.000036 seconds.
  path: Assets/Pallete/main_lev_build_1_13.asset
  artifactKey: Guid(bdb2fdca3ffe44f4a98ee2d764f8dbfd) Importer(815301076,1909f56bfc062723c751e8b465ee728b)
Start importing Assets/Pallete/main_lev_build_1_13.asset using Guid(bdb2fdca3ffe44f4a98ee2d764f8dbfd) Importer(815301076,1909f56bfc062723c751e8b465ee728b)  -> (artifact id: '189a19ebb21f97adea85703328e206b9') in 0.038741 seconds 
========================================================================
Received Import Request.
  Time since last request: 0.000041 seconds.
  path: Assets/Pallete/diamond_small.asset
  artifactKey: Guid(decafe0230d7b7e429eecc9807740b7f) Importer(815301076,1909f56bfc062723c751e8b465ee728b)
Start importing Assets/Pallete/diamond_small.asset using Guid(decafe0230d7b7e429eecc9807740b7f) Importer(815301076,1909f56bfc062723c751e8b465ee728b)  -> (artifact id: '16473cb1ce36e41cc46afe591daae5b7') in 0.036913 seconds 
========================================================================
Received Import Request.
  Time since last request: 0.000042 seconds.
  path: Assets/Pallete/main_lev_build_1_38.asset
  artifactKey: Guid(15a847ebad08c204bba800abf4450e6b) Importer(815301076,1909f56bfc062723c751e8b465ee728b)
Start importing Assets/Pallete/main_lev_build_1_38.asset using Guid(15a847ebad08c204bba800abf4450e6b) Importer(815301076,1909f56bfc062723c751e8b465ee728b)  -> (artifact id: '20bc1b30d8344e64a4f8de7818a6a792') in 0.035439 seconds 
========================================================================
Received Import Request.
  Time since last request: 0.000051 seconds.
  path: Assets/Pallete/diamond_big.asset
  artifactKey: Guid(4b7dd9a230b048d469ce96e5eab3483b) Importer(815301076,1909f56bfc062723c751e8b465ee728b)
Start importing Assets/Pallete/diamond_big.asset using Guid(4b7dd9a230b048d469ce96e5eab3483b) Importer(815301076,1909f56bfc062723c751e8b465ee728b)  -> (artifact id: 'd5ce2e8f8f50f4ea47105f36f7847d09') in 0.045438 seconds 
========================================================================
Received Import Request.
  Time since last request: 0.000036 seconds.
  path: Assets/Pallete/main_lev_build_1_24.asset
  artifactKey: Guid(bfb00345352ae314ba5b65d673e3f9da) Importer(815301076,1909f56bfc062723c751e8b465ee728b)
Start importing Assets/Pallete/main_lev_build_1_24.asset using Guid(bfb00345352ae314ba5b65d673e3f9da) Importer(815301076,1909f56bfc062723c751e8b465ee728b)  -> (artifact id: 'bee7c465ff09a34220586e5bec6409cd') in 0.024567 seconds 
========================================================================
Received Import Request.
  Time since last request: 0.000033 seconds.
  path: Assets/Pallete/main_lev_build_1_98.asset
  artifactKey: Guid(7ac359ecc6aa7774780c09017e5f1054) Importer(815301076,1909f56bfc062723c751e8b465ee728b)
Start importing Assets/Pallete/main_lev_build_1_98.asset using Guid(7ac359ecc6aa7774780c09017e5f1054) Importer(815301076,1909f56bfc062723c751e8b465ee728b)  -> (artifact id: '050c18276db19bf9d4b71666d4981054') in 0.029952 seconds 
========================================================================
Received Import Request.
  Time since last request: 0.000045 seconds.
  path: Assets/Pallete/diamond_big_02.asset
  artifactKey: Guid(442ac800d7832a444a5aa27c436296c7) Importer(815301076,1909f56bfc062723c751e8b465ee728b)
Start importing Assets/Pallete/diamond_big_02.asset using Guid(442ac800d7832a444a5aa27c436296c7) Importer(815301076,1909f56bfc062723c751e8b465ee728b)  -> (artifact id: 'b359058da227b2e6bc6a3b91b2e18381') in 0.033281 seconds 
========================================================================
Received Import Request.
  Time since last request: 0.000036 seconds.
  path: Assets/Pallete/level2_pallete.prefab
  artifactKey: Guid(ef5acfd37bbfb0e409b80fe51451ed06) Importer(815301076,1909f56bfc062723c751e8b465ee728b)
Start importing Assets/Pallete/level2_pallete.prefab using Guid(ef5acfd37bbfb0e409b80fe51451ed06) Importer(815301076,1909f56bfc062723c751e8b465ee728b)  -> (artifact id: 'd2cbf3eb3247f0ed1e635ac7cc2b5f2f') in 0.128460 seconds 
========================================================================
Received Import Request.
  Time since last request: 0.000054 seconds.
  path: Assets/Pallete/main_lev_build_1_31.asset
  artifactKey: Guid(132bc8e37fc652c4fb8c9dbb75b42954) Importer(815301076,1909f56bfc062723c751e8b465ee728b)
Start importing Assets/Pallete/main_lev_build_1_31.asset using Guid(132bc8e37fc652c4fb8c9dbb75b42954) Importer(815301076,1909f56bfc062723c751e8b465ee728b)  -> (artifact id: '42a0b8fdff8046eaec6a1112168674ba') in 0.041967 seconds 
========================================================================
Received Import Request.
  Time since last request: 0.000037 seconds.
  path: Assets/Pallete/dagger06.asset
  artifactKey: Guid(ff527d8e8e98b0849a521cef2225fcd2) Importer(815301076,1909f56bfc062723c751e8b465ee728b)
Start importing Assets/Pallete/dagger06.asset using Guid(ff527d8e8e98b0849a521cef2225fcd2) Importer(815301076,1909f56bfc062723c751e8b465ee728b)  -> (artifact id: '10457280febf60ca4a0be3891bb20feb') in 0.068023 seconds 
========================================================================
Received Import Request.
  Time since last request: 0.354331 seconds.
  path: Assets/Pallete/main_lev_build_1_104.asset
  artifactKey: Guid(25da002f787ea824690243126e0765ae) Importer(815301076,1909f56bfc062723c751e8b465ee728b)
Start importing Assets/Pallete/main_lev_build_1_104.asset using Guid(25da002f787ea824690243126e0765ae) Importer(815301076,1909f56bfc062723c751e8b465ee728b)  -> (artifact id: 'f1aa278333a093ccf5e35a62e697114d') in 0.028064 seconds 
========================================================================
Received Import Request.
  Time since last request: 0.000033 seconds.
  path: Assets/Pallete/main_lev_build_1_110.asset
  artifactKey: Guid(1559d9fdc1a57df4e93042510d27e5b8) Importer(815301076,1909f56bfc062723c751e8b465ee728b)
Start importing Assets/Pallete/main_lev_build_1_110.asset using Guid(1559d9fdc1a57df4e93042510d27e5b8) Importer(815301076,1909f56bfc062723c751e8b465ee728b)  -> (artifact id: '56fa25b332d498580b2ca16d83873d7b') in 0.022326 seconds 
========================================================================
Received Import Request.
  Time since last request: 0.000028 seconds.
  path: Assets/Pallete/main_lev_build_2_8.asset
  artifactKey: Guid(9ae4333ad26b0044a91e2e16b3d07e78) Importer(815301076,1909f56bfc062723c751e8b465ee728b)
Start importing Assets/Pallete/main_lev_build_2_8.asset using Guid(9ae4333ad26b0044a91e2e16b3d07e78) Importer(815301076,1909f56bfc062723c751e8b465ee728b)  -> (artifact id: 'a1c3ab7fb681e31593cd582a02648cf0') in 0.023565 seconds 
========================================================================
Received Import Request.
  Time since last request: 0.000041 seconds.
  path: Assets/Pallete/main_lev_build_2_4.asset
  artifactKey: Guid(7665d5c5d50aba4449fdb58608face4c) Importer(815301076,1909f56bfc062723c751e8b465ee728b)
Start importing Assets/Pallete/main_lev_build_2_4.asset using Guid(7665d5c5d50aba4449fdb58608face4c) Importer(815301076,1909f56bfc062723c751e8b465ee728b)  -> (artifact id: '9dc5576eba4a5a835ede4a76cfd10b34') in 0.023876 seconds 
========================================================================
Received Import Request.
  Time since last request: 0.000034 seconds.
  path: Assets/Pallete/main_lev_build_2_1.asset
  artifactKey: Guid(b654b50f91a59df439bd759143cf42b9) Importer(815301076,1909f56bfc062723c751e8b465ee728b)
Start importing Assets/Pallete/main_lev_build_2_1.asset using Guid(b654b50f91a59df439bd759143cf42b9) Importer(815301076,1909f56bfc062723c751e8b465ee728b)  -> (artifact id: 'a2108940049f3e4f17f2670eb3d75ae0') in 0.026031 seconds 
========================================================================
Received Import Request.
  Time since last request: 0.000030 seconds.
  path: Assets/Pallete/main_lev_build_1_106.asset
  artifactKey: Guid(119aae3fd1b51b14a8191a68d6077c8b) Importer(815301076,1909f56bfc062723c751e8b465ee728b)
Start importing Assets/Pallete/main_lev_build_1_106.asset using Guid(119aae3fd1b51b14a8191a68d6077c8b) Importer(815301076,1909f56bfc062723c751e8b465ee728b)  -> (artifact id: 'c7f1e3e789a28a5217414a0689053877') in 0.032642 seconds 
========================================================================
Received Import Request.
  Time since last request: 0.000026 seconds.
  path: Assets/Pallete/main_lev_build_2_6.asset
  artifactKey: Guid(8b27847cb3363df45a888a1d35cee0e7) Importer(815301076,1909f56bfc062723c751e8b465ee728b)
Start importing Assets/Pallete/main_lev_build_2_6.asset using Guid(8b27847cb3363df45a888a1d35cee0e7) Importer(815301076,1909f56bfc062723c751e8b465ee728b)  -> (artifact id: '34185ae806e5d4fd3faf9f30dca873a4') in 0.022323 seconds 
========================================================================
Received Import Request.
  Time since last request: 0.000035 seconds.
  path: Assets/Pallete/main_lev_build_1_109.asset
  artifactKey: Guid(b7131364464a19e42ba524a2bed04956) Importer(815301076,1909f56bfc062723c751e8b465ee728b)
Start importing Assets/Pallete/main_lev_build_1_109.asset using Guid(b7131364464a19e42ba524a2bed04956) Importer(815301076,1909f56bfc062723c751e8b465ee728b)  -> (artifact id: 'cc0aae3ce9734f91e40da74567aad5e1') in 0.024263 seconds 
========================================================================
Received Import Request.
  Time since last request: 0.000033 seconds.
  path: Assets/Pallete/main_lev_build_2_17.asset
  artifactKey: Guid(177213b35f302ba42a5d87541459b42a) Importer(815301076,1909f56bfc062723c751e8b465ee728b)
Start importing Assets/Pallete/main_lev_build_2_17.asset using Guid(177213b35f302ba42a5d87541459b42a) Importer(815301076,1909f56bfc062723c751e8b465ee728b)  -> (artifact id: 'ea64d47303c7105a2ccd76b8a901ea71') in 0.018360 seconds 
========================================================================
Received Import Request.
  Time since last request: 0.000039 seconds.
  path: Assets/Pallete/main_lev_build_2_38.asset
  artifactKey: Guid(3231ed6b2a906dc49b6212bc57737ef1) Importer(815301076,1909f56bfc062723c751e8b465ee728b)
Start importing Assets/Pallete/main_lev_build_2_38.asset using Guid(3231ed6b2a906dc49b6212bc57737ef1) Importer(815301076,1909f56bfc062723c751e8b465ee728b)  -> (artifact id: 'fecdf4073f18a914c8591692fcf8e06d') in 0.020597 seconds 
========================================================================
Received Import Request.
  Time since last request: 0.000038 seconds.
  path: Assets/Pallete/main_lev_build_2_35.asset
  artifactKey: Guid(ed4c6932311c0194d9777697256d453f) Importer(815301076,1909f56bfc062723c751e8b465ee728b)
Start importing Assets/Pallete/main_lev_build_2_35.asset using Guid(ed4c6932311c0194d9777697256d453f) Importer(815301076,1909f56bfc062723c751e8b465ee728b)  -> (artifact id: '2fb6c5b064403c2f62f66f644879ed1a') in 0.019507 seconds 
========================================================================
Received Import Request.
  Time since last request: 0.000038 seconds.
  path: Assets/Pallete/main_lev_build_2_25.asset
  artifactKey: Guid(03a5b65c414c1e542986f4628d997ff0) Importer(815301076,1909f56bfc062723c751e8b465ee728b)
Start importing Assets/Pallete/main_lev_build_2_25.asset using Guid(03a5b65c414c1e542986f4628d997ff0) Importer(815301076,1909f56bfc062723c751e8b465ee728b)  -> (artifact id: '95c583c8df994a0fe541880543f59ff2') in 0.021639 seconds 
========================================================================
Received Import Request.
  Time since last request: 0.000031 seconds.
  path: Assets/Pallete/main_lev_build_2_15.asset
  artifactKey: Guid(c4a3e593b039dd540a7fd7bf4fd33cab) Importer(815301076,1909f56bfc062723c751e8b465ee728b)
Start importing Assets/Pallete/main_lev_build_2_15.asset using Guid(c4a3e593b039dd540a7fd7bf4fd33cab) Importer(815301076,1909f56bfc062723c751e8b465ee728b)  -> (artifact id: '2db3967a65be86f70f0091202beb539c') in 0.022700 seconds 
========================================================================
Received Import Request.
  Time since last request: 0.000025 seconds.
  path: Assets/Pallete/main_lev_build_2_45.asset
  artifactKey: Guid(644e16af04644ff4dbcd549afe3e005d) Importer(815301076,1909f56bfc062723c751e8b465ee728b)
Start importing Assets/Pallete/main_lev_build_2_45.asset using Guid(644e16af04644ff4dbcd549afe3e005d) Importer(815301076,1909f56bfc062723c751e8b465ee728b)  -> (artifact id: 'f0f69b59503c8bc99f03233dc1f553ca') in 0.022273 seconds 
========================================================================
Received Import Request.
  Time since last request: 0.000029 seconds.
  path: Assets/Pallete/main_lev_build_2_24.asset
  artifactKey: Guid(798520b1f31a14d47be85cd73c3a7318) Importer(815301076,1909f56bfc062723c751e8b465ee728b)
Start importing Assets/Pallete/main_lev_build_2_24.asset using Guid(798520b1f31a14d47be85cd73c3a7318) Importer(815301076,1909f56bfc062723c751e8b465ee728b)  -> (artifact id: '2f0f76bf15752161c2aa2cbcb5500ba6') in 0.021736 seconds 
========================================================================
Received Import Request.
  Time since last request: 0.000029 seconds.
  path: Assets/Pallete/main_lev_build_2_3.asset
  artifactKey: Guid(591f6fdf528922e45b3de6582781de06) Importer(815301076,1909f56bfc062723c751e8b465ee728b)
Start importing Assets/Pallete/main_lev_build_2_3.asset using Guid(591f6fdf528922e45b3de6582781de06) Importer(815301076,1909f56bfc062723c751e8b465ee728b)  -> (artifact id: '8bb8f009621d6025bf7b9c2c2f9211b7') in 0.020674 seconds 
========================================================================
Received Import Request.
  Time since last request: 0.000023 seconds.
  path: Assets/Pallete/main_lev_build_1_107.asset
  artifactKey: Guid(e01263ffdecbb9f47a3cc59e3ad27caf) Importer(815301076,1909f56bfc062723c751e8b465ee728b)
Start importing Assets/Pallete/main_lev_build_1_107.asset using Guid(e01263ffdecbb9f47a3cc59e3ad27caf) Importer(815301076,1909f56bfc062723c751e8b465ee728b)  -> (artifact id: '2de64c97ff1d269969ccd10ac4dff818') in 0.018987 seconds 
========================================================================
Received Import Request.
  Time since last request: 0.000027 seconds.
  path: Assets/Pallete/main_lev_build_2_7.asset
  artifactKey: Guid(bb1cf54230faf1b4592307af853348a2) Importer(815301076,1909f56bfc062723c751e8b465ee728b)
Start importing Assets/Pallete/main_lev_build_2_7.asset using Guid(bb1cf54230faf1b4592307af853348a2) Importer(815301076,1909f56bfc062723c751e8b465ee728b)  -> (artifact id: '0f9be47b680265879b21b9297f10a27d') in 0.021041 seconds 
========================================================================
Received Import Request.
  Time since last request: 0.000047 seconds.
  path: Assets/Pallete/main_lev_build_1_112.asset
  artifactKey: Guid(9a4f7649697d39e42b5a2c48be6d9ed9) Importer(815301076,1909f56bfc062723c751e8b465ee728b)
Start importing Assets/Pallete/main_lev_build_1_112.asset using Guid(9a4f7649697d39e42b5a2c48be6d9ed9) Importer(815301076,1909f56bfc062723c751e8b465ee728b)  -> (artifact id: '927980072e1f5628bc91779eb1611eac') in 0.023060 seconds 
========================================================================
Received Import Request.
  Time since last request: 0.000027 seconds.
  path: Assets/Pallete/main_lev_build_2_50.asset
  artifactKey: Guid(55ff7aa37b76be94b8b4bd44c94e4015) Importer(815301076,1909f56bfc062723c751e8b465ee728b)
Start importing Assets/Pallete/main_lev_build_2_50.asset using Guid(55ff7aa37b76be94b8b4bd44c94e4015) Importer(815301076,1909f56bfc062723c751e8b465ee728b)  -> (artifact id: 'dbaa9b2787857125d142166a094c71c9') in 0.021071 seconds 
========================================================================
Received Import Request.
  Time since last request: 0.000030 seconds.
  path: Assets/Pallete/main_lev_build_2_58.asset
  artifactKey: Guid(bd7b8cdc1145d0f40a752b7e3591ce47) Importer(815301076,1909f56bfc062723c751e8b465ee728b)
Start importing Assets/Pallete/main_lev_build_2_58.asset using Guid(bd7b8cdc1145d0f40a752b7e3591ce47) Importer(815301076,1909f56bfc062723c751e8b465ee728b)  -> (artifact id: 'f22ecb94d9347f74f86c8b8cbe7618c8') in 0.023293 seconds 
========================================================================
Received Import Request.
  Time since last request: 0.000024 seconds.
  path: Assets/Pallete/main_lev_build_2_67.asset
  artifactKey: Guid(9e100735f81a097418ba47c14407851e) Importer(815301076,1909f56bfc062723c751e8b465ee728b)
Start importing Assets/Pallete/main_lev_build_2_67.asset using Guid(9e100735f81a097418ba47c14407851e) Importer(815301076,1909f56bfc062723c751e8b465ee728b)  -> (artifact id: 'ef2a034234e3ba86aef637a8de5b44ab') in 0.021031 seconds 
========================================================================
Received Import Request.
  Time since last request: 0.000024 seconds.
  path: Assets/Pallete/main_lev_build_2_57.asset
  artifactKey: Guid(f133ca6e82bf5d244a11f7ca88d5904b) Importer(815301076,1909f56bfc062723c751e8b465ee728b)
Start importing Assets/Pallete/main_lev_build_2_57.asset using Guid(f133ca6e82bf5d244a11f7ca88d5904b) Importer(815301076,1909f56bfc062723c751e8b465ee728b)  -> (artifact id: '7fec93534a82e7d1f996e4a3d15dec1c') in 0.022829 seconds 
========================================================================
Received Import Request.
  Time since last request: 0.000024 seconds.
  path: Assets/Pallete/main_lev_build_2_60.asset
  artifactKey: Guid(4acd51aeefee9c54e8037b57c84de521) Importer(815301076,1909f56bfc062723c751e8b465ee728b)
Start importing Assets/Pallete/main_lev_build_2_60.asset using Guid(4acd51aeefee9c54e8037b57c84de521) Importer(815301076,1909f56bfc062723c751e8b465ee728b)  -> (artifact id: '3389baa87bb7fb0d32cfeeb0b8c276f8') in 0.021034 seconds 
========================================================================
Received Import Request.
  Time since last request: 0.000032 seconds.
  path: Assets/Pallete/main_lev_build_2_63.asset
  artifactKey: Guid(afc7952704f84fe419915e9ad38c3be0) Importer(815301076,1909f56bfc062723c751e8b465ee728b)
Start importing Assets/Pallete/main_lev_build_2_63.asset using Guid(afc7952704f84fe419915e9ad38c3be0) Importer(815301076,1909f56bfc062723c751e8b465ee728b)  -> (artifact id: '2380031e49d3475ef6da6f5b8b9d8e3b') in 0.018339 seconds 
========================================================================
Received Import Request.
  Time since last request: 0.000038 seconds.
  path: Assets/Pallete/main_lev_build_2_33.asset
  artifactKey: Guid(d605fbfe7d181b048b90c3c29af6da63) Importer(815301076,1909f56bfc062723c751e8b465ee728b)
Start importing Assets/Pallete/main_lev_build_2_33.asset using Guid(d605fbfe7d181b048b90c3c29af6da63) Importer(815301076,1909f56bfc062723c751e8b465ee728b)  -> (artifact id: '91e7b97eb8dd8332b3be0396908c7189') in 0.020365 seconds 
========================================================================
Received Import Request.
  Time since last request: 0.000030 seconds.
  path: Assets/Pallete/main_lev_build_2_42.asset
  artifactKey: Guid(078824960810e9a4d8cb95d30dc3f464) Importer(815301076,1909f56bfc062723c751e8b465ee728b)
Start importing Assets/Pallete/main_lev_build_2_42.asset using Guid(078824960810e9a4d8cb95d30dc3f464) Importer(815301076,1909f56bfc062723c751e8b465ee728b)  -> (artifact id: 'e1517203f344d4f2b0045e8ec4635add') in 0.020350 seconds 
========================================================================
Received Import Request.
  Time since last request: 0.000056 seconds.
  path: Assets/Pallete/main_lev_build_2_64.asset
  artifactKey: Guid(022c55a361452d54085b7b7509e95ba2) Importer(815301076,1909f56bfc062723c751e8b465ee728b)
Start importing Assets/Pallete/main_lev_build_2_64.asset using Guid(022c55a361452d54085b7b7509e95ba2) Importer(815301076,1909f56bfc062723c751e8b465ee728b)  -> (artifact id: '55be65f3cff6c8c5239345321c7f9c93') in 0.022380 seconds 
========================================================================
Received Import Request.
  Time since last request: 0.000023 seconds.
  path: Assets/Pallete/main_lev_build_2_75.asset
  artifactKey: Guid(ef2690453ffdc9147a1c712512856884) Importer(815301076,1909f56bfc062723c751e8b465ee728b)
Start importing Assets/Pallete/main_lev_build_2_75.asset using Guid(ef2690453ffdc9147a1c712512856884) Importer(815301076,1909f56bfc062723c751e8b465ee728b)  -> (artifact id: 'fb789a07fccc95715720b3fcdb390817') in 0.023619 seconds 
========================================================================
Received Import Request.
  Time since last request: 0.000029 seconds.
  path: Assets/Pallete/main_lev_build_2_40.asset
  artifactKey: Guid(66bb723df2d92d94ebae22ee53f4bbd2) Importer(815301076,1909f56bfc062723c751e8b465ee728b)
Start importing Assets/Pallete/main_lev_build_2_40.asset using Guid(66bb723df2d92d94ebae22ee53f4bbd2) Importer(815301076,1909f56bfc062723c751e8b465ee728b)  -> (artifact id: 'd00c8ca763cd0fcc1bf4af261264418c') in 0.022540 seconds 
========================================================================
Received Import Request.
  Time since last request: 0.000032 seconds.
  path: Assets/Pallete/main_lev_build_2_76.asset
  artifactKey: Guid(79d5517e96a3822418a792c302dc3749) Importer(815301076,1909f56bfc062723c751e8b465ee728b)
Start importing Assets/Pallete/main_lev_build_2_76.asset using Guid(79d5517e96a3822418a792c302dc3749) Importer(815301076,1909f56bfc062723c751e8b465ee728b)  -> (artifact id: '6696815fac78e85030b72eba9b3e7a4a') in 0.022749 seconds 
========================================================================
Received Import Request.
  Time since last request: 0.000036 seconds.
  path: Assets/Pallete/rocks_15.asset
  artifactKey: Guid(3d5debd1674455846a087a96e3035e1a) Importer(815301076,1909f56bfc062723c751e8b465ee728b)
Start importing Assets/Pallete/rocks_15.asset using Guid(3d5debd1674455846a087a96e3035e1a) Importer(815301076,1909f56bfc062723c751e8b465ee728b)  -> (artifact id: '72b55abd8f16dfee5db9603f2a70cd86') in 0.019826 seconds 
========================================================================
Received Import Request.
  Time since last request: 0.000041 seconds.
  path: Assets/Pallete/main_lev_build_2_72.asset
  artifactKey: Guid(3eca42b705597474fa5bc0a506a937fd) Importer(815301076,1909f56bfc062723c751e8b465ee728b)
Start importing Assets/Pallete/main_lev_build_2_72.asset using Guid(3eca42b705597474fa5bc0a506a937fd) Importer(815301076,1909f56bfc062723c751e8b465ee728b)  -> (artifact id: 'e857b5159ae2c1fb661cd8c34c8f6070') in 0.020048 seconds 
========================================================================
Received Import Request.
  Time since last request: 0.000028 seconds.
  path: Assets/Pallete/rocks_22.asset
  artifactKey: Guid(880cca8b7ba52a2429870953d6d8605c) Importer(815301076,1909f56bfc062723c751e8b465ee728b)
Start importing Assets/Pallete/rocks_22.asset using Guid(880cca8b7ba52a2429870953d6d8605c) Importer(815301076,1909f56bfc062723c751e8b465ee728b)  -> (artifact id: 'ba78d0c24a9fdd10470cb4f49cfefea1') in 0.025516 seconds 
========================================================================
Received Import Request.
  Time since last request: 0.000031 seconds.
  path: Assets/Pallete/rocks_19.asset
  artifactKey: Guid(93212699515f63a4db8f4e674f6083b1) Importer(815301076,1909f56bfc062723c751e8b465ee728b)
Start importing Assets/Pallete/rocks_19.asset using Guid(93212699515f63a4db8f4e674f6083b1) Importer(815301076,1909f56bfc062723c751e8b465ee728b)  -> (artifact id: '9db753495302910afedc68f05e87735a') in 0.024264 seconds 
========================================================================
Received Import Request.
  Time since last request: 0.000034 seconds.
  path: Assets/Pallete/rocks_29.asset
  artifactKey: Guid(a1e6cb8907a284d4babf4bd58ea07779) Importer(815301076,1909f56bfc062723c751e8b465ee728b)
Start importing Assets/Pallete/rocks_29.asset using Guid(a1e6cb8907a284d4babf4bd58ea07779) Importer(815301076,1909f56bfc062723c751e8b465ee728b)  -> (artifact id: '8b20e37e03183d5b3ddb792d9d1650e6') in 0.023921 seconds 
========================================================================
Received Import Request.
  Time since last request: 0.000026 seconds.
  path: Assets/Pallete/rocks_0.asset
  artifactKey: Guid(f137181085140f1488610d353f611a85) Importer(815301076,1909f56bfc062723c751e8b465ee728b)
Start importing Assets/Pallete/rocks_0.asset using Guid(f137181085140f1488610d353f611a85) Importer(815301076,1909f56bfc062723c751e8b465ee728b)  -> (artifact id: '201e9080a8bd1f2929a921f5a3b33e3b') in 0.022491 seconds 
========================================================================
Received Import Request.
  Time since last request: 0.000029 seconds.
  path: Assets/Pallete/rocks_18.asset
  artifactKey: Guid(3d0127a83db32214e93ef897a65af55c) Importer(815301076,1909f56bfc062723c751e8b465ee728b)
Start importing Assets/Pallete/rocks_18.asset using Guid(3d0127a83db32214e93ef897a65af55c) Importer(815301076,1909f56bfc062723c751e8b465ee728b)  -> (artifact id: 'eb5f0eb733df299c0f082ceb98182bde') in 0.023696 seconds 
========================================================================
Received Import Request.
  Time since last request: 0.000028 seconds.
  path: Assets/Pallete/rocks_pallete.prefab
  artifactKey: Guid(3a4d7ef7d226c8a468c7b96db1939f80) Importer(815301076,1909f56bfc062723c751e8b465ee728b)
Start importing Assets/Pallete/rocks_pallete.prefab using Guid(3a4d7ef7d226c8a468c7b96db1939f80) Importer(815301076,1909f56bfc062723c751e8b465ee728b)  -> (artifact id: '1c8d136c40e96b76da569585c50d6551') in 0.059726 seconds 
========================================================================
Received Import Request.
  Time since last request: 0.000044 seconds.
  path: Assets/Pallete/rocks_2.asset
  artifactKey: Guid(ee0df244b336e074b86aa1393264c6f5) Importer(815301076,1909f56bfc062723c751e8b465ee728b)
Start importing Assets/Pallete/rocks_2.asset using Guid(ee0df244b336e074b86aa1393264c6f5) Importer(815301076,1909f56bfc062723c751e8b465ee728b)  -> (artifact id: 'e3dc342c23093cd5f33a7e0a2e350954') in 0.029451 seconds 
========================================================================
Received Import Request.
  Time since last request: 0.000039 seconds.
  path: Assets/Pallete/rocks_17.asset
  artifactKey: Guid(3a2f749fbd738ef43a44311c7f54b1f0) Importer(815301076,1909f56bfc062723c751e8b465ee728b)
Start importing Assets/Pallete/rocks_17.asset using Guid(3a2f749fbd738ef43a44311c7f54b1f0) Importer(815301076,1909f56bfc062723c751e8b465ee728b)  -> (artifact id: '928ae47f8af049493d5bce2c5216803d') in 0.025266 seconds 
========================================================================
Received Import Request.
  Time since last request: 0.000025 seconds.
  path: Assets/Pallete/main_lev_build_1_116.asset
  artifactKey: Guid(0fee66ac1e2fb6749b1ea3c70c081c0a) Importer(815301076,1909f56bfc062723c751e8b465ee728b)
Start importing Assets/Pallete/main_lev_build_1_116.asset using Guid(0fee66ac1e2fb6749b1ea3c70c081c0a) Importer(815301076,1909f56bfc062723c751e8b465ee728b)  -> (artifact id: '1225dbf810b82faefd802165ee3be39d') in 0.021849 seconds 
========================================================================
Received Import Request.
  Time since last request: 0.000027 seconds.
  path: Assets/Pallete/main_lev_build_2_32.asset
  artifactKey: Guid(21bb6023f4f778643b102238d8202642) Importer(815301076,1909f56bfc062723c751e8b465ee728b)
Start importing Assets/Pallete/main_lev_build_2_32.asset using Guid(21bb6023f4f778643b102238d8202642) Importer(815301076,1909f56bfc062723c751e8b465ee728b)  -> (artifact id: '03a1827b141d0b7008cedab5a6971eb9') in 0.023114 seconds 
========================================================================
Received Import Request.
  Time since last request: 0.000034 seconds.
  path: Assets/Pallete/rocks_24.asset
  artifactKey: Guid(e81457e70f1991a47848c2d532e200b9) Importer(815301076,1909f56bfc062723c751e8b465ee728b)
Start importing Assets/Pallete/rocks_24.asset using Guid(e81457e70f1991a47848c2d532e200b9) Importer(815301076,1909f56bfc062723c751e8b465ee728b)  -> (artifact id: '89c7c297f1dd2dc41d704f0475376b65') in 0.023104 seconds 
========================================================================
Received Import Request.
  Time since last request: 0.000038 seconds.
  path: Assets/Pallete/rocks_20.asset
  artifactKey: Guid(92d4bff22ddca0140b8e12b066111283) Importer(815301076,1909f56bfc062723c751e8b465ee728b)
Start importing Assets/Pallete/rocks_20.asset using Guid(92d4bff22ddca0140b8e12b066111283) Importer(815301076,1909f56bfc062723c751e8b465ee728b)  -> (artifact id: '37e9f47f0846f74002cc223c2dd7e635') in 0.019195 seconds 
========================================================================
Received Import Request.
  Time since last request: 0.000045 seconds.
  path: Assets/Pallete/main_lev_build_2_41.asset
  artifactKey: Guid(bfa8ba416c1542c46b361b78a98aae83) Importer(815301076,1909f56bfc062723c751e8b465ee728b)
Start importing Assets/Pallete/main_lev_build_2_41.asset using Guid(bfa8ba416c1542c46b361b78a98aae83) Importer(815301076,1909f56bfc062723c751e8b465ee728b)  -> (artifact id: 'c73cbee1b8bb67dbef008b379ca960e0') in 0.023498 seconds 
========================================================================
Received Import Request.
  Time since last request: 0.000041 seconds.
  path: Assets/Pallete/rocks_26.asset
  artifactKey: Guid(388f03b937f581b4594ebe1aa852db13) Importer(815301076,1909f56bfc062723c751e8b465ee728b)
Start importing Assets/Pallete/rocks_26.asset using Guid(388f03b937f581b4594ebe1aa852db13) Importer(815301076,1909f56bfc062723c751e8b465ee728b)  -> (artifact id: 'e215f7ed4257ce6429c9d6ff841dd93c') in 0.022021 seconds 
========================================================================
Received Import Request.
  Time since last request: 0.000038 seconds.
  path: Assets/Pallete/main_lev_build_2_62.asset
  artifactKey: Guid(c87b7723e16f50a4f9cbf0dd97e96cc1) Importer(815301076,1909f56bfc062723c751e8b465ee728b)
Start importing Assets/Pallete/main_lev_build_2_62.asset using Guid(c87b7723e16f50a4f9cbf0dd97e96cc1) Importer(815301076,1909f56bfc062723c751e8b465ee728b)  -> (artifact id: 'fac471a0ffa96f4a170d7bfdf88c6fd1') in 0.022873 seconds 
========================================================================
Received Import Request.
  Time since last request: 0.000034 seconds.
  path: Assets/Pallete/main_lev_build_2_21.asset
  artifactKey: Guid(e66e648ce91ab2a4abc7a45dc9b62e39) Importer(815301076,1909f56bfc062723c751e8b465ee728b)
Start importing Assets/Pallete/main_lev_build_2_21.asset using Guid(e66e648ce91ab2a4abc7a45dc9b62e39) Importer(815301076,1909f56bfc062723c751e8b465ee728b)  -> (artifact id: 'a810951206e6b7bbc7d1bff39aa9ab3d') in 0.023901 seconds 
========================================================================
Received Import Request.
  Time since last request: 0.000032 seconds.
  path: Assets/Pallete/main_lev_build_2_27.asset
  artifactKey: Guid(05be38563ba62b2439fda55fe65d434a) Importer(815301076,1909f56bfc062723c751e8b465ee728b)
Start importing Assets/Pallete/main_lev_build_2_27.asset using Guid(05be38563ba62b2439fda55fe65d434a) Importer(815301076,1909f56bfc062723c751e8b465ee728b)  -> (artifact id: '5b567bc2988f72884cc56c4bcd802c63') in 0.025423 seconds 
========================================================================
Received Import Request.
  Time since last request: 0.000025 seconds.
  path: Assets/Pallete/main_lev_build_2_56.asset
  artifactKey: Guid(3d214bb46e16b7148809943888e729ba) Importer(815301076,1909f56bfc062723c751e8b465ee728b)
Start importing Assets/Pallete/main_lev_build_2_56.asset using Guid(3d214bb46e16b7148809943888e729ba) Importer(815301076,1909f56bfc062723c751e8b465ee728b)  -> (artifact id: '7f12d0a697dcd23fd57efd7d11eec466') in 0.024666 seconds 
========================================================================
Received Import Request.
  Time since last request: 0.000036 seconds.
  path: Assets/Pallete/rocks_9.asset
  artifactKey: Guid(ca2fa2b8ec2bf9d469a047ffcd4041ec) Importer(815301076,1909f56bfc062723c751e8b465ee728b)
Start importing Assets/Pallete/rocks_9.asset using Guid(ca2fa2b8ec2bf9d469a047ffcd4041ec) Importer(815301076,1909f56bfc062723c751e8b465ee728b)  -> (artifact id: 'c709401616fb1068e635ef279dd75078') in 0.023082 seconds 
========================================================================
Received Import Request.
  Time since last request: 0.000034 seconds.
  path: Assets/Pallete/Palette_background.prefab
  artifactKey: Guid(b301acc7be01b5e41a024a10ba4c3852) Importer(815301076,1909f56bfc062723c751e8b465ee728b)
Start importing Assets/Pallete/Palette_background.prefab using Guid(b301acc7be01b5e41a024a10ba4c3852) Importer(815301076,1909f56bfc062723c751e8b465ee728b)  -> (artifact id: '1297381c55e3eaf2aa421cd9dd6bf40c') in 0.047162 seconds 
========================================================================
Received Import Request.
  Time since last request: 0.000048 seconds.
  path: Assets/Pallete/main_lev_build_2_73.asset
  artifactKey: Guid(f73343131d1be4d448dd7706bad7b43b) Importer(815301076,1909f56bfc062723c751e8b465ee728b)
Start importing Assets/Pallete/main_lev_build_2_73.asset using Guid(f73343131d1be4d448dd7706bad7b43b) Importer(815301076,1909f56bfc062723c751e8b465ee728b)  -> (artifact id: '4de2ae0391fd5380743aee1f5e164d5b') in 0.019123 seconds 
========================================================================
Received Import Request.
  Time since last request: 0.000030 seconds.
  path: Assets/Pallete/main_lev_build_2_52.asset
  artifactKey: Guid(91ba0236679fd524681213f38fc41804) Importer(815301076,1909f56bfc062723c751e8b465ee728b)
Start importing Assets/Pallete/main_lev_build_2_52.asset using Guid(91ba0236679fd524681213f38fc41804) Importer(815301076,1909f56bfc062723c751e8b465ee728b)  -> (artifact id: '0c0bbd9af5af46810f9f291aa78789aa') in 0.020753 seconds 
========================================================================
Received Import Request.
  Time since last request: 0.000027 seconds.
  path: Assets/Pallete/rocks_28.asset
  artifactKey: Guid(63656ebe7e01e554691519359c4162ca) Importer(815301076,1909f56bfc062723c751e8b465ee728b)
Start importing Assets/Pallete/rocks_28.asset using Guid(63656ebe7e01e554691519359c4162ca) Importer(815301076,1909f56bfc062723c751e8b465ee728b)  -> (artifact id: 'b90fd0d85878dac74c3039281715198b') in 0.022373 seconds 
========================================================================
Received Import Request.
  Time since last request: 0.000033 seconds.
  path: Assets/Pallete/main_lev_build_2_16.asset
  artifactKey: Guid(205852c9e5454ca499aecd20398fbdb5) Importer(815301076,1909f56bfc062723c751e8b465ee728b)
Start importing Assets/Pallete/main_lev_build_2_16.asset using Guid(205852c9e5454ca499aecd20398fbdb5) Importer(815301076,1909f56bfc062723c751e8b465ee728b)  -> (artifact id: 'c90f7cef54e587b658641bbff84ae243') in 0.023053 seconds 
========================================================================
Received Import Request.
  Time since last request: 0.000043 seconds.
  path: Assets/Pallete/main_lev_build_2_51.asset
  artifactKey: Guid(f1f970904c6fb864e91c62724004bc02) Importer(815301076,1909f56bfc062723c751e8b465ee728b)
Start importing Assets/Pallete/main_lev_build_2_51.asset using Guid(f1f970904c6fb864e91c62724004bc02) Importer(815301076,1909f56bfc062723c751e8b465ee728b)  -> (artifact id: '5ae088fe7ac71875849487ff4aed8da8') in 0.023221 seconds 
========================================================================
Received Import Request.
  Time since last request: 0.000028 seconds.
  path: Assets/Pallete/rocks_10.asset
  artifactKey: Guid(475e7aa974d675541a442f4123839733) Importer(815301076,1909f56bfc062723c751e8b465ee728b)
Start importing Assets/Pallete/rocks_10.asset using Guid(475e7aa974d675541a442f4123839733) Importer(815301076,1909f56bfc062723c751e8b465ee728b)  -> (artifact id: '6efa2a3976194009e73bd086410a0fa8') in 0.021709 seconds 
========================================================================
Received Import Request.
  Time since last request: 0.000044 seconds.
  path: Assets/Pallete/main_lev_build_2_47.asset
  artifactKey: Guid(816555a16b2c94d42a83dc8af132a317) Importer(815301076,1909f56bfc062723c751e8b465ee728b)
Start importing Assets/Pallete/main_lev_build_2_47.asset using Guid(816555a16b2c94d42a83dc8af132a317) Importer(815301076,1909f56bfc062723c751e8b465ee728b)  -> (artifact id: 'f8701d29627d0b625bd64d3154902a20') in 0.019444 seconds 
========================================================================
Received Import Request.
  Time since last request: 0.000052 seconds.
  path: Assets/Pallete/main_lev_build_2_59.asset
  artifactKey: Guid(1ef2e80cfad757a43a8e2d1e9e11270d) Importer(815301076,1909f56bfc062723c751e8b465ee728b)
Start importing Assets/Pallete/main_lev_build_2_59.asset using Guid(1ef2e80cfad757a43a8e2d1e9e11270d) Importer(815301076,1909f56bfc062723c751e8b465ee728b)  -> (artifact id: 'fd63c72c6ac94bc47c794ac97181da57') in 0.019586 seconds 
========================================================================
Received Import Request.
  Time since last request: 0.000052 seconds.
  path: Assets/Pallete/rocks_1.asset
  artifactKey: Guid(f2a6f79af770aff40a55aa23c607414e) Importer(815301076,1909f56bfc062723c751e8b465ee728b)
Start importing Assets/Pallete/rocks_1.asset using Guid(f2a6f79af770aff40a55aa23c607414e) Importer(815301076,1909f56bfc062723c751e8b465ee728b)  -> (artifact id: '2e1df086387d0caffcdb009d75ca8a3d') in 0.020803 seconds 
========================================================================
Received Import Request.
  Time since last request: 0.000030 seconds.
  path: Assets/Pallete/main_lev_build_2_19.asset
  artifactKey: Guid(cf7d1172a02e5b84fbea2fb7e39fa7ea) Importer(815301076,1909f56bfc062723c751e8b465ee728b)
Start importing Assets/Pallete/main_lev_build_2_19.asset using Guid(cf7d1172a02e5b84fbea2fb7e39fa7ea) Importer(815301076,1909f56bfc062723c751e8b465ee728b)  -> (artifact id: '1242fde5b7fa31662764582ac1768c6b') in 0.020105 seconds 
========================================================================
Received Import Request.
  Time since last request: 70.534275 seconds.
  path: Assets/GUI
  artifactKey: Guid(6c4c8b92bb616164b9327a0a83368eaf) Importer(815301076,1909f56bfc062723c751e8b465ee728b)
Start importing Assets/GUI using Guid(6c4c8b92bb616164b9327a0a83368eaf) Importer(815301076,1909f56bfc062723c751e8b465ee728b)  -> (artifact id: '9472baaf71fc67efd96cff0f3a5ab915') in 0.021438 seconds 
========================================================================
Received Import Request.
  Time since last request: 1.556119 seconds.
  path: Assets/GUI/Gui.png
  artifactKey: Guid(6d2a1fdf0285b1d4a82e5d26e0916a4c) Importer(815301076,1909f56bfc062723c751e8b465ee728b)
Start importing Assets/GUI/Gui.png using Guid(6d2a1fdf0285b1d4a82e5d26e0916a4c) Importer(815301076,1909f56bfc062723c751e8b465ee728b)  -> (artifact id: 'f31c4843099c5ec4131eff16669c9a0c') in 0.062600 seconds 
