Using pre-set license
Built from '2021.3/staging' branch; Version is '2021.3.2f1 (d6360bedb9a0) revision 14038539'; Using compiler version '192829333'; Build Type 'Release'
OS: 'Windows 11  (10.0.22000) 64bit Professional' Language: 'en' Physical Memory: 16264 MB
BatchMode: 1, IsHumanControllingUs: 0, StartBugReporterOnCrash: 0, Is64bit: 1, IsPro: 1

COMMAND LINE ARGUMENTS:
D:\2021.3.2f1\Editor\Unity.exe
-adb2
-batchMode
-noUpm
-name
AssetImportWorker1
-projectPath
C:/Users/IrisViolettaLillian/My project (2)
-logFile
Logs/AssetImportWorker1.log
-srvPort
62391
Successfully changed project path to: C:/Users/IrisViolettaLillian/My project (2)
C:/Users/IrisViolettaLillian/My project (2)
[UnityMemory] Configuration Parameters - Can be set up in boot.config
    "memorysetup-bucket-allocator-granularity=16"
    "memorysetup-bucket-allocator-bucket-count=8"
    "memorysetup-bucket-allocator-block-size=33554432"
    "memorysetup-bucket-allocator-block-count=8"
    "memorysetup-main-allocator-block-size=16777216"
    "memorysetup-thread-allocator-block-size=16777216"
    "memorysetup-gfx-main-allocator-block-size=16777216"
    "memorysetup-gfx-thread-allocator-block-size=16777216"
    "memorysetup-cache-allocator-block-size=4194304"
    "memorysetup-typetree-allocator-block-size=2097152"
    "memorysetup-profiler-bucket-allocator-granularity=16"
    "memorysetup-profiler-bucket-allocator-bucket-count=8"
    "memorysetup-profiler-bucket-allocator-block-size=33554432"
    "memorysetup-profiler-bucket-allocator-block-count=8"
    "memorysetup-profiler-allocator-block-size=16777216"
    "memorysetup-profiler-editor-allocator-block-size=1048576"
    "memorysetup-temp-allocator-size-main=16777216"
    "memorysetup-job-temp-allocator-block-size=2097152"
    "memorysetup-job-temp-allocator-block-size-background=1048576"
    "memorysetup-job-temp-allocator-reduction-small-platforms=262144"
    "memorysetup-temp-allocator-size-background-worker=32768"
    "memorysetup-temp-allocator-size-job-worker=262144"
    "memorysetup-temp-allocator-size-preload-manager=33554432"
    "memorysetup-temp-allocator-size-nav-mesh-worker=65536"
    "memorysetup-temp-allocator-size-audio-worker=65536"
    "memorysetup-temp-allocator-size-cloud-worker=32768"
    "memorysetup-temp-allocator-size-gi-baking-worker=262144"
    "memorysetup-temp-allocator-size-gfx=262144"
Refreshing native plugins compatible for Editor in 376.56 ms, found 4 plugins.
Preloading 0 native plugins for Editor in 0.00 ms.
Initialize engine version: 2021.3.2f1 (d6360bedb9a0)
[Subsystems] Discovering subsystems at path D:/2021.3.2f1/Editor/Data/Resources/UnitySubsystems
[Subsystems] Discovering subsystems at path C:/Users/IrisViolettaLillian/My project (2)/Assets
GfxDevice: creating device client; threaded=0; jobified=0
Direct3D:
    Version:  Direct3D 11.0 [level 11.1]
    Renderer: NVIDIA GeForce GTX 1650 (ID=0x1f91)
    Vendor:   NVIDIA
    VRAM:     3962 MB
    Driver:   27.21.14.6230
Initialize mono
Mono path[0] = 'D:/2021.3.2f1/Editor/Data/Managed'
Mono path[1] = 'D:/2021.3.2f1/Editor/Data/MonoBleedingEdge/lib/mono/unityjit-win32'
Mono config path = 'D:/2021.3.2f1/Editor/Data/MonoBleedingEdge/etc'
Using monoOptions --debugger-agent=transport=dt_socket,embedding=1,server=y,suspend=n,address=127.0.0.1:56644
Begin MonoManager ReloadAssembly
Registering precompiled unity dll's ...
Register platform support module: D:/2021.3.2f1/Editor/Data/PlaybackEngines/WebGLSupport/UnityEditor.WebGL.Extensions.dll
Register platform support module: D:/2021.3.2f1/Editor/Data/PlaybackEngines/WindowsStandaloneSupport/UnityEditor.WindowsStandalone.Extensions.dll
Registered in 0.034760 seconds.
Native extension for WindowsStandalone target not found
Native extension for WebGL target not found
Refreshing native plugins compatible for Editor in 663.26 ms, found 4 plugins.
Preloading 0 native plugins for Editor in 0.00 ms.
Mono: successfully reloaded assembly
- Completed reload, in  2.693 seconds
Domain Reload Profiling:
	ReloadAssembly (2694ms)
		BeginReloadAssembly (353ms)
			ExecutionOrderSort (0ms)
			DisableScriptedObjects (0ms)
			BackupInstance (0ms)
			ReleaseScriptingObjects (0ms)
			CreateAndSetChildDomain (2ms)
		EndReloadAssembly (1825ms)
			LoadAssemblies (345ms)
			RebuildTransferFunctionScriptingTraits (0ms)
			SetupTypeCache (334ms)
			ReleaseScriptCaches (0ms)
			RebuildScriptCaches (93ms)
			SetupLoadedEditorAssemblies (1178ms)
				LogAssemblyErrors (0ms)
				InitializePlatformSupportModulesInManaged (31ms)
				SetLoadedEditorAssemblies (1ms)
				RefreshPlugins (663ms)
				BeforeProcessingInitializeOnLoad (6ms)
				ProcessInitializeOnLoadAttributes (344ms)
				ProcessInitializeOnLoadMethodAttributes (133ms)
				AfterProcessingInitializeOnLoad (0ms)
				EditorAssembliesLoaded (0ms)
			ExecutionOrderSort2 (0ms)
			AwakeInstancesAfterBackupRestoration (0ms)
Platform modules already initialized, skipping
Registering precompiled user dll's ...
Registered in 0.022116 seconds.
Begin MonoManager ReloadAssembly
Symbol file LoadedFromMemory doesn't match image C:\Users\IrisViolettaLillian\My project (2)\Library\PackageCache\com.unity.visualscripting@1.7.6\Editor\VisualScripting.Core\Dependencies\DotNetZip\Unity.VisualScripting.IonicZip.dll
Symbol file LoadedFromMemory doesn't match image C:\Users\IrisViolettaLillian\My project (2)\Library\PackageCache\com.unity.visualscripting@1.7.6\Editor\VisualScripting.Core\Dependencies\YamlDotNet\Unity.VisualScripting.YamlDotNet.dll
Native extension for WindowsStandalone target not found
Native extension for WebGL target not found
Refreshing native plugins compatible for Editor in 266.29 ms, found 4 plugins.
Preloading 0 native plugins for Editor in 0.00 ms.
Package Manager log level set to [2]
Mono: successfully reloaded assembly
- Completed reload, in  3.286 seconds
Domain Reload Profiling:
	ReloadAssembly (3288ms)
		BeginReloadAssembly (318ms)
			ExecutionOrderSort (0ms)
			DisableScriptedObjects (14ms)
			BackupInstance (0ms)
			ReleaseScriptingObjects (0ms)
			CreateAndSetChildDomain (41ms)
		EndReloadAssembly (2638ms)
			LoadAssemblies (253ms)
			RebuildTransferFunctionScriptingTraits (0ms)
			SetupTypeCache (620ms)
			ReleaseScriptCaches (1ms)
			RebuildScriptCaches (139ms)
			SetupLoadedEditorAssemblies (1556ms)
				LogAssemblyErrors (0ms)
				InitializePlatformSupportModulesInManaged (16ms)
				SetLoadedEditorAssemblies (0ms)
				RefreshPlugins (266ms)
				BeforeProcessingInitializeOnLoad (306ms)
				ProcessInitializeOnLoadAttributes (555ms)
				ProcessInitializeOnLoadMethodAttributes (379ms)
				AfterProcessingInitializeOnLoad (32ms)
				EditorAssembliesLoaded (0ms)
			ExecutionOrderSort2 (0ms)
			AwakeInstancesAfterBackupRestoration (14ms)
Platform modules already initialized, skipping
========================================================================
Worker process is ready to serve import requests
Launched and connected shader compiler UnityShaderCompiler.exe after 0.13 seconds
Refreshing native plugins compatible for Editor in 4.26 ms, found 4 plugins.
Preloading 0 native plugins for Editor in 0.00 ms.
Unloading 4600 Unused Serialized files (Serialized files now loaded: 0)
Unloading 78 unused Assets / (226.5 KB). Loaded Objects now: 5018.
Memory consumption went from 165.3 MB to 165.1 MB.
Total: 14.263700 ms (FindLiveObjects: 0.990800 ms CreateObjectMapping: 0.736600 ms MarkObjects: 12.196900 ms  DeleteObjects: 0.337200 ms)

AssetImportParameters requested are different than current active one (requested -> active):
  custom:video-decoder-ogg-theora: a1e56fd34408186e4bbccfd4996cb3dc -> 
  custom:container-muxer-webm: aa71ff27fc2769a1b78a27578f13a17b -> 
  custom:container-demuxer-webm: 4f35f7cbe854078d1ac9338744f61a02 -> 
  custom:video-encoder-webm-vp8: eb34c28f22e8b96e1ab97ce403110664 -> 
  custom:audio-encoder-webm-vorbis: bf7c407c2cedff20999df2af8eb42d56 -> 
  custom:framework-win-MediaFoundation: 216162199b28c13a410421893ffa2e32 -> 
  custom:container-demuxer-ogg: 62fdf1f143b41e24485cea50d1cbac27 -> 
  custom:video-decoder-webm-vp8: 9c59270c3fd7afecdb556c50c9e8de78 -> 
  custom:audio-decoder-ogg-vorbis: bf7c407c2cedff20999df2af8eb42d56 -> 
========================================================================
Received Import Request.
  Time since last request: 183085.091156 seconds.
  path: Assets/02. Crystal World/Groundtiles/main_lev_build_2.png
  artifactKey: Guid(8f92e727eb27286409e4f0001eb4a305) Importer(815301076,1909f56bfc062723c751e8b465ee728b)
Start importing Assets/02. Crystal World/Groundtiles/main_lev_build_2.png using Guid(8f92e727eb27286409e4f0001eb4a305) Importer(815301076,1909f56bfc062723c751e8b465ee728b)  -> (artifact id: '67e69fbf743ddfad98580fd4573ea634') in 1.093158 seconds 
========================================================================
Received Import Request.
  Time since last request: 22.202615 seconds.
  path: Assets/Pallete/Collectible_pallete.prefab
  artifactKey: Guid(9b06cec01f88a844a8ca99673e313b2a) Importer(815301076,1909f56bfc062723c751e8b465ee728b)
Start importing Assets/Pallete/Collectible_pallete.prefab using Guid(9b06cec01f88a844a8ca99673e313b2a) Importer(815301076,1909f56bfc062723c751e8b465ee728b)  -> (artifact id: 'c8153639607d8f3a918677518493f132') in 0.443432 seconds 
========================================================================
Received Import Request.
  Time since last request: 0.000086 seconds.
  path: Assets/Pallete/main_lev_build_1_6.asset
  artifactKey: Guid(471212eccc5dcb94bbfc8eb5f8f36a51) Importer(815301076,1909f56bfc062723c751e8b465ee728b)
Start importing Assets/Pallete/main_lev_build_1_6.asset using Guid(471212eccc5dcb94bbfc8eb5f8f36a51) Importer(815301076,1909f56bfc062723c751e8b465ee728b)  -> (artifact id: 'f9b7c560a47008f80c89843f2cdb275f') in 0.052965 seconds 
========================================================================
Received Import Request.
  Time since last request: 0.000047 seconds.
  path: Assets/Pallete/Enemies.prefab
  artifactKey: Guid(a88c444b7efaa8546b1ba53136f99f59) Importer(815301076,1909f56bfc062723c751e8b465ee728b)
Start importing Assets/Pallete/Enemies.prefab using Guid(a88c444b7efaa8546b1ba53136f99f59) Importer(815301076,1909f56bfc062723c751e8b465ee728b)  -> (artifact id: '5e892384a3bc78113808a7ac8162e334') in 0.036439 seconds 
========================================================================
Received Import Request.
  Time since last request: 0.000111 seconds.
  path: Assets/Pallete/heart03.asset
  artifactKey: Guid(e01383b460cc4c3408a2751731427b77) Importer(815301076,1909f56bfc062723c751e8b465ee728b)
Start importing Assets/Pallete/heart03.asset using Guid(e01383b460cc4c3408a2751731427b77) Importer(815301076,1909f56bfc062723c751e8b465ee728b)  -> (artifact id: 'b3aad6d0f97efa4d66ebb31ee9bc1746') in 0.040227 seconds 
========================================================================
Received Import Request.
  Time since last request: 0.000033 seconds.
  path: Assets/Pallete/diamond_big_01.asset
  artifactKey: Guid(5cbcf89dfceb0934495c1990c2c59765) Importer(815301076,1909f56bfc062723c751e8b465ee728b)
Start importing Assets/Pallete/diamond_big_01.asset using Guid(5cbcf89dfceb0934495c1990c2c59765) Importer(815301076,1909f56bfc062723c751e8b465ee728b)  -> (artifact id: '54ed899b482c3b9d0c1fa9f625dd04e0') in 0.051374 seconds 
========================================================================
Received Import Request.
  Time since last request: 0.000041 seconds.
  path: Assets/Pallete/diamond_small01.asset
  artifactKey: Guid(0bb772c1aa863a647b9c4822a7a3f63c) Importer(815301076,1909f56bfc062723c751e8b465ee728b)
Start importing Assets/Pallete/diamond_small01.asset using Guid(0bb772c1aa863a647b9c4822a7a3f63c) Importer(815301076,1909f56bfc062723c751e8b465ee728b)  -> (artifact id: '59c8617fa53698f65fb83d93fe978961') in 0.043976 seconds 
========================================================================
Received Import Request.
  Time since last request: 0.000044 seconds.
  path: Assets/Pallete/diamond_big_04.asset
  artifactKey: Guid(28e8d90167d313845a048197c4817dac) Importer(815301076,1909f56bfc062723c751e8b465ee728b)
Start importing Assets/Pallete/diamond_big_04.asset using Guid(28e8d90167d313845a048197c4817dac) Importer(815301076,1909f56bfc062723c751e8b465ee728b)  -> (artifact id: 'bdd76c55e65b2f6bc5036401e2ec47e5') in 0.039936 seconds 
========================================================================
Received Import Request.
  Time since last request: 0.000046 seconds.
  path: Assets/Pallete/main_lev_build_1_22.asset
  artifactKey: Guid(dcfe57d0929217c499ac6f2cc956c5ac) Importer(815301076,1909f56bfc062723c751e8b465ee728b)
Start importing Assets/Pallete/main_lev_build_1_22.asset using Guid(dcfe57d0929217c499ac6f2cc956c5ac) Importer(815301076,1909f56bfc062723c751e8b465ee728b)  -> (artifact id: '6b1b5d27e32ca1492d0b9edf5270290a') in 0.029048 seconds 
========================================================================
Received Import Request.
  Time since last request: 0.000031 seconds.
  path: Assets/Pallete/main_lev_build_1_14.asset
  artifactKey: Guid(fb4ff62155772eb46ae35980c407e619) Importer(815301076,1909f56bfc062723c751e8b465ee728b)
Start importing Assets/Pallete/main_lev_build_1_14.asset using Guid(fb4ff62155772eb46ae35980c407e619) Importer(815301076,1909f56bfc062723c751e8b465ee728b)  -> (artifact id: '375c2583cbd586d0f839f2ea7f6fcba2') in 0.028546 seconds 
========================================================================
Received Import Request.
  Time since last request: 0.000048 seconds.
  path: Assets/Pallete/main_lev_build_1_42.asset
  artifactKey: Guid(c1625c72e50b71245969bde8b4882719) Importer(815301076,1909f56bfc062723c751e8b465ee728b)
Start importing Assets/Pallete/main_lev_build_1_42.asset using Guid(c1625c72e50b71245969bde8b4882719) Importer(815301076,1909f56bfc062723c751e8b465ee728b)  -> (artifact id: '7e37604b51db2e0bd578afeb5a368357') in 0.036253 seconds 
========================================================================
Received Import Request.
  Time since last request: 0.000024 seconds.
  path: Assets/Pallete/main_lev_build_1_47.asset
  artifactKey: Guid(bfef9c11527a98c42beaf81df0937260) Importer(815301076,1909f56bfc062723c751e8b465ee728b)
Start importing Assets/Pallete/main_lev_build_1_47.asset using Guid(bfef9c11527a98c42beaf81df0937260) Importer(815301076,1909f56bfc062723c751e8b465ee728b)  -> (artifact id: 'fe84940c27314d1528f27e67d1a485c4') in 0.021595 seconds 
========================================================================
Received Import Request.
  Time since last request: 0.000036 seconds.
  path: Assets/Pallete/main_lev_build_1_39.asset
  artifactKey: Guid(6810eb6b6f1e27b4f9b1ac43cfc7345c) Importer(815301076,1909f56bfc062723c751e8b465ee728b)
Start importing Assets/Pallete/main_lev_build_1_39.asset using Guid(6810eb6b6f1e27b4f9b1ac43cfc7345c) Importer(815301076,1909f56bfc062723c751e8b465ee728b)  -> (artifact id: 'cdfb64e2f6e9d2889d80753d9ab9aa88') in 0.024666 seconds 
========================================================================
Received Import Request.
  Time since last request: 0.000043 seconds.
  path: Assets/Pallete/main_lev_build_1_26.asset
  artifactKey: Guid(db1fd68f5b60b0e4696a2df9af088d4a) Importer(815301076,1909f56bfc062723c751e8b465ee728b)
Start importing Assets/Pallete/main_lev_build_1_26.asset using Guid(db1fd68f5b60b0e4696a2df9af088d4a) Importer(815301076,1909f56bfc062723c751e8b465ee728b)  -> (artifact id: '3e90fe10e359a956147d0569e5f4ac50') in 0.027270 seconds 
========================================================================
Received Import Request.
  Time since last request: 0.000042 seconds.
  path: Assets/Pallete/main_lev_build_1_29.asset
  artifactKey: Guid(f582f67a346321749ae1e3da74450ebf) Importer(815301076,1909f56bfc062723c751e8b465ee728b)
Start importing Assets/Pallete/main_lev_build_1_29.asset using Guid(f582f67a346321749ae1e3da74450ebf) Importer(815301076,1909f56bfc062723c751e8b465ee728b)  -> (artifact id: '5bcd473374e326d48b9fd4bcd8e3c1a1') in 0.027197 seconds 
========================================================================
Received Import Request.
  Time since last request: 0.000035 seconds.
  path: Assets/Pallete/main_lev_build_1_82.asset
  artifactKey: Guid(bef9457aed6be3f4081e368affbfa1cc) Importer(815301076,1909f56bfc062723c751e8b465ee728b)
Start importing Assets/Pallete/main_lev_build_1_82.asset using Guid(bef9457aed6be3f4081e368affbfa1cc) Importer(815301076,1909f56bfc062723c751e8b465ee728b)  -> (artifact id: '302523990c668e37306a81427eed34af') in 0.023066 seconds 
========================================================================
Received Import Request.
  Time since last request: 0.000045 seconds.
  path: Assets/Pallete/main_lev_build_1_65.asset
  artifactKey: Guid(fd90bf0ea90792344b216fad1457b43e) Importer(815301076,1909f56bfc062723c751e8b465ee728b)
Start importing Assets/Pallete/main_lev_build_1_65.asset using Guid(fd90bf0ea90792344b216fad1457b43e) Importer(815301076,1909f56bfc062723c751e8b465ee728b)  -> (artifact id: 'dfc36428031682ffaa45e9aa2e9f84ba') in 0.035437 seconds 
========================================================================
Received Import Request.
  Time since last request: 0.000028 seconds.
  path: Assets/Pallete/main_lev_build_1_84.asset
  artifactKey: Guid(7ed72019695b3d643bf0157af7437e75) Importer(815301076,1909f56bfc062723c751e8b465ee728b)
Start importing Assets/Pallete/main_lev_build_1_84.asset using Guid(7ed72019695b3d643bf0157af7437e75) Importer(815301076,1909f56bfc062723c751e8b465ee728b)  -> (artifact id: '8aba277823b854651798db51886e7885') in 0.029626 seconds 
========================================================================
Received Import Request.
  Time since last request: 0.000028 seconds.
  path: Assets/Pallete/main_lev_build_1_35.asset
  artifactKey: Guid(da6f31dbd89bc5a44af261580e185ef6) Importer(815301076,1909f56bfc062723c751e8b465ee728b)
Start importing Assets/Pallete/main_lev_build_1_35.asset using Guid(da6f31dbd89bc5a44af261580e185ef6) Importer(815301076,1909f56bfc062723c751e8b465ee728b)  -> (artifact id: '59ae3a1e82d96c687614b55b2ac50074') in 0.022587 seconds 
========================================================================
Received Import Request.
  Time since last request: 0.000031 seconds.
  path: Assets/Pallete/main_lev_build_1_5.asset
  artifactKey: Guid(62fc2b7dfe2264846a5cb4cab5d4e7b3) Importer(815301076,1909f56bfc062723c751e8b465ee728b)
Start importing Assets/Pallete/main_lev_build_1_5.asset using Guid(62fc2b7dfe2264846a5cb4cab5d4e7b3) Importer(815301076,1909f56bfc062723c751e8b465ee728b)  -> (artifact id: 'd11da7291776d89112439b217bd3f3fd') in 0.021202 seconds 
========================================================================
Received Import Request.
  Time since last request: 0.000031 seconds.
  path: Assets/Pallete/diamond_big_06_15.asset
  artifactKey: Guid(3418506583eed654a87d8fdfb143768a) Importer(815301076,1909f56bfc062723c751e8b465ee728b)
Start importing Assets/Pallete/diamond_big_06_15.asset using Guid(3418506583eed654a87d8fdfb143768a) Importer(815301076,1909f56bfc062723c751e8b465ee728b)  -> (artifact id: 'b2ac14158839ecf69d086c95ed7a5168') in 0.018686 seconds 
========================================================================
Received Import Request.
  Time since last request: 0.000026 seconds.
  path: Assets/Pallete/main_lev_build_1_8.asset
  artifactKey: Guid(394ac051458d49f4a9da4a1e64d062d1) Importer(815301076,1909f56bfc062723c751e8b465ee728b)
Start importing Assets/Pallete/main_lev_build_1_8.asset using Guid(394ac051458d49f4a9da4a1e64d062d1) Importer(815301076,1909f56bfc062723c751e8b465ee728b)  -> (artifact id: '4e3162ebda360bd220005a0c10106f0d') in 0.025188 seconds 
========================================================================
Received Import Request.
  Time since last request: 0.000030 seconds.
  path: Assets/Pallete/diamond_small02.asset
  artifactKey: Guid(8777f7b38e4e41141b3038832039ba08) Importer(815301076,1909f56bfc062723c751e8b465ee728b)
Start importing Assets/Pallete/diamond_small02.asset using Guid(8777f7b38e4e41141b3038832039ba08) Importer(815301076,1909f56bfc062723c751e8b465ee728b)  -> (artifact id: 'f7ff61bda873d9c20eec7586c151ca57') in 0.025646 seconds 
========================================================================
Received Import Request.
  Time since last request: 0.000025 seconds.
  path: Assets/Pallete/main_lev_build_1_44.asset
  artifactKey: Guid(8ffc05a5a0ad73b4ea2f198e6f448cf6) Importer(815301076,1909f56bfc062723c751e8b465ee728b)
Start importing Assets/Pallete/main_lev_build_1_44.asset using Guid(8ffc05a5a0ad73b4ea2f198e6f448cf6) Importer(815301076,1909f56bfc062723c751e8b465ee728b)  -> (artifact id: '8ebf321121f5a645baeb83ce3d73bf4f') in 0.020523 seconds 
========================================================================
Received Import Request.
  Time since last request: 0.000035 seconds.
  path: Assets/Pallete/main_lev_build_1_90.asset
  artifactKey: Guid(24e46c0081f12144889e9858aa7644e0) Importer(815301076,1909f56bfc062723c751e8b465ee728b)
Start importing Assets/Pallete/main_lev_build_1_90.asset using Guid(24e46c0081f12144889e9858aa7644e0) Importer(815301076,1909f56bfc062723c751e8b465ee728b)  -> (artifact id: '87b58e3b9ade6f3c60bc6c53b913b661') in 0.024692 seconds 
========================================================================
Received Import Request.
  Time since last request: 0.000035 seconds.
  path: Assets/Pallete/main_lev_build_1_11.asset
  artifactKey: Guid(7cc80c48ed28d234c9319fde700eb6fa) Importer(815301076,1909f56bfc062723c751e8b465ee728b)
Start importing Assets/Pallete/main_lev_build_1_11.asset using Guid(7cc80c48ed28d234c9319fde700eb6fa) Importer(815301076,1909f56bfc062723c751e8b465ee728b)  -> (artifact id: 'e8bce87a2e7aa06d78660feed7c48f23') in 0.020806 seconds 
========================================================================
Received Import Request.
  Time since last request: 0.000038 seconds.
  path: Assets/Pallete/heart04.asset
  artifactKey: Guid(3a67897d30e23cd4293c9d4c70a502cc) Importer(815301076,1909f56bfc062723c751e8b465ee728b)
Start importing Assets/Pallete/heart04.asset using Guid(3a67897d30e23cd4293c9d4c70a502cc) Importer(815301076,1909f56bfc062723c751e8b465ee728b)  -> (artifact id: '26f14d2b090a8567c7099a8dbc2faef9') in 0.026509 seconds 
========================================================================
Received Import Request.
  Time since last request: 0.000037 seconds.
  path: Assets/Pallete/main_lev_build_1_74.asset
  artifactKey: Guid(deafc3a685951404e81085bd1f7d8575) Importer(815301076,1909f56bfc062723c751e8b465ee728b)
Start importing Assets/Pallete/main_lev_build_1_74.asset using Guid(deafc3a685951404e81085bd1f7d8575) Importer(815301076,1909f56bfc062723c751e8b465ee728b)  -> (artifact id: '2bcc3acc7d82475462f1b15656c418a6') in 0.022052 seconds 
========================================================================
Received Import Request.
  Time since last request: 0.000029 seconds.
  path: Assets/Pallete/heart01.asset
  artifactKey: Guid(49a5852c0954d624d9607c9375c7ff40) Importer(815301076,1909f56bfc062723c751e8b465ee728b)
Start importing Assets/Pallete/heart01.asset using Guid(49a5852c0954d624d9607c9375c7ff40) Importer(815301076,1909f56bfc062723c751e8b465ee728b)  -> (artifact id: '7dc0e30de2e7b4ca39e3937bd1202ff4') in 0.026513 seconds 
========================================================================
Received Import Request.
  Time since last request: 0.000093 seconds.
  path: Assets/Pallete/main_lev_build_1_48.asset
  artifactKey: Guid(ac170e661861ea147843029189d9779a) Importer(815301076,1909f56bfc062723c751e8b465ee728b)
Start importing Assets/Pallete/main_lev_build_1_48.asset using Guid(ac170e661861ea147843029189d9779a) Importer(815301076,1909f56bfc062723c751e8b465ee728b)  -> (artifact id: 'a987c13c8ccddb914cf0f348c9957378') in 0.018799 seconds 
========================================================================
Received Import Request.
  Time since last request: 0.000036 seconds.
  path: Assets/Pallete/main_lev_build_1_50.asset
  artifactKey: Guid(7f9c6d639b9c1ec418f2d1db10197ff7) Importer(815301076,1909f56bfc062723c751e8b465ee728b)
Start importing Assets/Pallete/main_lev_build_1_50.asset using Guid(7f9c6d639b9c1ec418f2d1db10197ff7) Importer(815301076,1909f56bfc062723c751e8b465ee728b)  -> (artifact id: '8a0faa8b0ec75a6efad60385b1c00824') in 0.022733 seconds 
========================================================================
Received Import Request.
  Time since last request: 0.000030 seconds.
  path: Assets/Pallete/main_lev_build_1_19.asset
  artifactKey: Guid(33ea31597e3f64e40ae6c2d54cba7c2a) Importer(815301076,1909f56bfc062723c751e8b465ee728b)
Start importing Assets/Pallete/main_lev_build_1_19.asset using Guid(33ea31597e3f64e40ae6c2d54cba7c2a) Importer(815301076,1909f56bfc062723c751e8b465ee728b)  -> (artifact id: '526cdd1593cbab4dcaa630d56f3bf8e8') in 0.020848 seconds 
========================================================================
Received Import Request.
  Time since last request: 0.000025 seconds.
  path: Assets/Pallete/main_lev_build_1_70.asset
  artifactKey: Guid(c006d153181399e40a746ee10ded36c2) Importer(815301076,1909f56bfc062723c751e8b465ee728b)
Start importing Assets/Pallete/main_lev_build_1_70.asset using Guid(c006d153181399e40a746ee10ded36c2) Importer(815301076,1909f56bfc062723c751e8b465ee728b)  -> (artifact id: 'a3eb2f285af013180dc6fc713d053e1c') in 0.022372 seconds 
========================================================================
Received Import Request.
  Time since last request: 0.000110 seconds.
  path: Assets/Pallete/main_lev_build_1_15.asset
  artifactKey: Guid(c6d447a869dc08e498bd5f75f46a1eae) Importer(815301076,1909f56bfc062723c751e8b465ee728b)
Start importing Assets/Pallete/main_lev_build_1_15.asset using Guid(c6d447a869dc08e498bd5f75f46a1eae) Importer(815301076,1909f56bfc062723c751e8b465ee728b)  -> (artifact id: '1bb0060225c1c1d383fdc21f74eaedec') in 0.022789 seconds 
========================================================================
Received Import Request.
  Time since last request: 0.000043 seconds.
  path: Assets/Pallete/main_lev_build_1_43.asset
  artifactKey: Guid(f495f59d0a147e342a1d136d85f19072) Importer(815301076,1909f56bfc062723c751e8b465ee728b)
Start importing Assets/Pallete/main_lev_build_1_43.asset using Guid(f495f59d0a147e342a1d136d85f19072) Importer(815301076,1909f56bfc062723c751e8b465ee728b)  -> (artifact id: 'a1f327d46e19123c07c8d50733bc721b') in 0.019711 seconds 
========================================================================
Received Import Request.
  Time since last request: 0.000061 seconds.
  path: Assets/Pallete/main_lev_build_1_52.asset
  artifactKey: Guid(dd440a55803593d449bdf371275bea51) Importer(815301076,1909f56bfc062723c751e8b465ee728b)
Start importing Assets/Pallete/main_lev_build_1_52.asset using Guid(dd440a55803593d449bdf371275bea51) Importer(815301076,1909f56bfc062723c751e8b465ee728b)  -> (artifact id: '1c67a01a7fb114d86c0a102c7ca99f81') in 0.022473 seconds 
========================================================================
Received Import Request.
  Time since last request: 0.000030 seconds.
  path: Assets/Pallete/main_lev_build_1_66.asset
  artifactKey: Guid(da4a84c93d0a4774ba0163288aad71d9) Importer(815301076,1909f56bfc062723c751e8b465ee728b)
Start importing Assets/Pallete/main_lev_build_1_66.asset using Guid(da4a84c93d0a4774ba0163288aad71d9) Importer(815301076,1909f56bfc062723c751e8b465ee728b)  -> (artifact id: 'c9be67bf81c49ef7af15dc760b9f5b1c') in 0.021708 seconds 
========================================================================
Received Import Request.
  Time since last request: 0.000034 seconds.
  path: Assets/Pallete/idle06.asset
  artifactKey: Guid(f1a76a1a2e67a5c42976d550bf6db2cc) Importer(815301076,1909f56bfc062723c751e8b465ee728b)
Start importing Assets/Pallete/idle06.asset using Guid(f1a76a1a2e67a5c42976d550bf6db2cc) Importer(815301076,1909f56bfc062723c751e8b465ee728b)  -> (artifact id: '744c2dc2463c503ce7f25fc6c9f46635') in 0.018149 seconds 
========================================================================
Received Import Request.
  Time since last request: 0.000031 seconds.
  path: Assets/Pallete/main_lev_build_1_33.asset
  artifactKey: Guid(9fa1119a06b8d674485862c420ea5ed4) Importer(815301076,1909f56bfc062723c751e8b465ee728b)
Start importing Assets/Pallete/main_lev_build_1_33.asset using Guid(9fa1119a06b8d674485862c420ea5ed4) Importer(815301076,1909f56bfc062723c751e8b465ee728b)  -> (artifact id: '8a0c88ac00c60b1368d4606b6a020359') in 0.018395 seconds 
========================================================================
Received Import Request.
  Time since last request: 0.000034 seconds.
  path: Assets/Pallete/main_lev_build_1_41.asset
  artifactKey: Guid(5d8593a7b5bbac34fbcf7065053685a7) Importer(815301076,1909f56bfc062723c751e8b465ee728b)
Start importing Assets/Pallete/main_lev_build_1_41.asset using Guid(5d8593a7b5bbac34fbcf7065053685a7) Importer(815301076,1909f56bfc062723c751e8b465ee728b)  -> (artifact id: '55bc73e9bd2b33afb48c963897664c49') in 0.018938 seconds 
========================================================================
Received Import Request.
  Time since last request: 0.000049 seconds.
  path: Assets/Pallete/main_lev_build_1_0.asset
  artifactKey: Guid(291d63a1d27e50a42b3c0f9f90de223d) Importer(815301076,1909f56bfc062723c751e8b465ee728b)
Start importing Assets/Pallete/main_lev_build_1_0.asset using Guid(291d63a1d27e50a42b3c0f9f90de223d) Importer(815301076,1909f56bfc062723c751e8b465ee728b)  -> (artifact id: '647156538a6d01d04ff08bfce5310f8d') in 0.018992 seconds 
========================================================================
Received Import Request.
  Time since last request: 0.000036 seconds.
  path: Assets/Pallete/main_lev_build_1_20.asset
  artifactKey: Guid(ee071a4cc3e9033409cde9cf8cd8b348) Importer(815301076,1909f56bfc062723c751e8b465ee728b)
Start importing Assets/Pallete/main_lev_build_1_20.asset using Guid(ee071a4cc3e9033409cde9cf8cd8b348) Importer(815301076,1909f56bfc062723c751e8b465ee728b)  -> (artifact id: '014b46cb3d08db75e2261af7697b1bd4') in 0.021280 seconds 
========================================================================
Received Import Request.
  Time since last request: 0.000031 seconds.
  path: Assets/Pallete/main_lev_build_1_23.asset
  artifactKey: Guid(cb85b1165cfe5304ea946f6bd76a1feb) Importer(815301076,1909f56bfc062723c751e8b465ee728b)
Start importing Assets/Pallete/main_lev_build_1_23.asset using Guid(cb85b1165cfe5304ea946f6bd76a1feb) Importer(815301076,1909f56bfc062723c751e8b465ee728b)  -> (artifact id: '524b9ddcad493bb968fd08cc0c866c37') in 0.030459 seconds 
========================================================================
Received Import Request.
  Time since last request: 0.000214 seconds.
  path: Assets/Pallete/main_lev_build_1_17.asset
  artifactKey: Guid(40c031ea1967dc241aba266535ac4ce7) Importer(815301076,1909f56bfc062723c751e8b465ee728b)
Start importing Assets/Pallete/main_lev_build_1_17.asset using Guid(40c031ea1967dc241aba266535ac4ce7) Importer(815301076,1909f56bfc062723c751e8b465ee728b)  -> (artifact id: '3b0ae636d978b6d47af45b25c323bd47') in 0.053933 seconds 
========================================================================
Received Import Request.
  Time since last request: 0.000032 seconds.
  path: Assets/Pallete/diamond_small03.asset
  artifactKey: Guid(65fee523e8f2a6946b65fd44f26a5ff6) Importer(815301076,1909f56bfc062723c751e8b465ee728b)
Start importing Assets/Pallete/diamond_small03.asset using Guid(65fee523e8f2a6946b65fd44f26a5ff6) Importer(815301076,1909f56bfc062723c751e8b465ee728b)  -> (artifact id: 'a301468d45b3ad064c69155e989e477a') in 0.040608 seconds 
========================================================================
Received Import Request.
  Time since last request: 0.000037 seconds.
  path: Assets/Pallete/main_lev_build_1_75.asset
  artifactKey: Guid(69ca78fe1ff35d84e835b9f97834bf69) Importer(815301076,1909f56bfc062723c751e8b465ee728b)
Start importing Assets/Pallete/main_lev_build_1_75.asset using Guid(69ca78fe1ff35d84e835b9f97834bf69) Importer(815301076,1909f56bfc062723c751e8b465ee728b)  -> (artifact id: 'f6443c5e4da23ef17f171ed0bf6dc38f') in 0.028764 seconds 
========================================================================
Received Import Request.
  Time since last request: 0.000047 seconds.
  path: Assets/Pallete/main_lev_build_1_51.asset
  artifactKey: Guid(92f55ea35433e634ba7c6d0e481cf040) Importer(815301076,1909f56bfc062723c751e8b465ee728b)
Start importing Assets/Pallete/main_lev_build_1_51.asset using Guid(92f55ea35433e634ba7c6d0e481cf040) Importer(815301076,1909f56bfc062723c751e8b465ee728b)  -> (artifact id: '0fd0b3b701e2104b7ea8f2134bc1607d') in 0.023838 seconds 
========================================================================
Received Import Request.
  Time since last request: 0.000037 seconds.
  path: Assets/Pallete/main_lev_build_1_92.asset
  artifactKey: Guid(e2720e9a6e3d35d40b5b5e41a86669db) Importer(815301076,1909f56bfc062723c751e8b465ee728b)
Start importing Assets/Pallete/main_lev_build_1_92.asset using Guid(e2720e9a6e3d35d40b5b5e41a86669db) Importer(815301076,1909f56bfc062723c751e8b465ee728b)  -> (artifact id: '72b8ab18cbe2ebf6e797efa90986066f') in 0.024643 seconds 
========================================================================
Received Import Request.
  Time since last request: 0.000032 seconds.
  path: Assets/Pallete/main_lev_build_1_76.asset
  artifactKey: Guid(90a2761f628b77641a5c82ab2ac65e3b) Importer(815301076,1909f56bfc062723c751e8b465ee728b)
Start importing Assets/Pallete/main_lev_build_1_76.asset using Guid(90a2761f628b77641a5c82ab2ac65e3b) Importer(815301076,1909f56bfc062723c751e8b465ee728b)  -> (artifact id: '829c07ca548f4ca49c9f3f07402db14e') in 0.022897 seconds 
========================================================================
Received Import Request.
  Time since last request: 0.000028 seconds.
  path: Assets/Pallete/dagger02.asset
  artifactKey: Guid(7312e0a35e3e82245b0e1b21e5bd1567) Importer(815301076,1909f56bfc062723c751e8b465ee728b)
Start importing Assets/Pallete/dagger02.asset using Guid(7312e0a35e3e82245b0e1b21e5bd1567) Importer(815301076,1909f56bfc062723c751e8b465ee728b)  -> (artifact id: 'a40c514e6695792b4d2edc35365c1f09') in 0.057822 seconds 
========================================================================
Received Import Request.
  Time since last request: 0.000035 seconds.
  path: Assets/Pallete/dagger03.asset
  artifactKey: Guid(d5388c4a1a940474cbebd8d6358c02cb) Importer(815301076,1909f56bfc062723c751e8b465ee728b)
Start importing Assets/Pallete/dagger03.asset using Guid(d5388c4a1a940474cbebd8d6358c02cb) Importer(815301076,1909f56bfc062723c751e8b465ee728b)  -> (artifact id: '440844bd23d56c35c596d8b0065dd749') in 0.058146 seconds 
========================================================================
Received Import Request.
  Time since last request: 0.000039 seconds.
  path: Assets/Pallete/main_lev_build_1_12.asset
  artifactKey: Guid(879439d3f8c9eca408cda3bc59009c1c) Importer(815301076,1909f56bfc062723c751e8b465ee728b)
Start importing Assets/Pallete/main_lev_build_1_12.asset using Guid(879439d3f8c9eca408cda3bc59009c1c) Importer(815301076,1909f56bfc062723c751e8b465ee728b)  -> (artifact id: '6ed950d13508af5502bf95886feec3ba') in 0.026618 seconds 
========================================================================
Received Import Request.
  Time since last request: 0.000041 seconds.
  path: Assets/Pallete/main_lev_build_1_89.asset
  artifactKey: Guid(b50d9d05f892bae429adc2de8230e06e) Importer(815301076,1909f56bfc062723c751e8b465ee728b)
Start importing Assets/Pallete/main_lev_build_1_89.asset using Guid(b50d9d05f892bae429adc2de8230e06e) Importer(815301076,1909f56bfc062723c751e8b465ee728b)  -> (artifact id: '4c04e27532545eea4e6cd451ecd795a1') in 0.028218 seconds 
========================================================================
Received Import Request.
  Time since last request: 0.000037 seconds.
  path: Assets/Pallete/main_lev_build_1_10.asset
  artifactKey: Guid(9a0d6e6bbef4e9a4884576f91f27bd1d) Importer(815301076,1909f56bfc062723c751e8b465ee728b)
Start importing Assets/Pallete/main_lev_build_1_10.asset using Guid(9a0d6e6bbef4e9a4884576f91f27bd1d) Importer(815301076,1909f56bfc062723c751e8b465ee728b)  -> (artifact id: 'a2b4a6c46fe1c6b1b2ca396ce49481db') in 0.058068 seconds 
========================================================================
Received Import Request.
  Time since last request: 0.000038 seconds.
  path: Assets/Pallete/main_lev_build_1_25.asset
  artifactKey: Guid(9380b28023ca1704f8264a1e2dfa72fa) Importer(815301076,1909f56bfc062723c751e8b465ee728b)
Start importing Assets/Pallete/main_lev_build_1_25.asset using Guid(9380b28023ca1704f8264a1e2dfa72fa) Importer(815301076,1909f56bfc062723c751e8b465ee728b)  -> (artifact id: 'aab8af5896109adc7660f466dc3eef56') in 0.066685 seconds 
========================================================================
Received Import Request.
  Time since last request: 0.000055 seconds.
  path: Assets/Pallete/main_lev_build_1_93.asset
  artifactKey: Guid(903d20d0070fbd6479b258a8a4dc42bd) Importer(815301076,1909f56bfc062723c751e8b465ee728b)
Start importing Assets/Pallete/main_lev_build_1_93.asset using Guid(903d20d0070fbd6479b258a8a4dc42bd) Importer(815301076,1909f56bfc062723c751e8b465ee728b)  -> (artifact id: '062e1e93087c66e1eea4ffe3ea70f98c') in 0.043464 seconds 
========================================================================
Received Import Request.
  Time since last request: 0.000061 seconds.
  path: Assets/Pallete/main_lev_build_1_62.asset
  artifactKey: Guid(5ccdc57e5bc6d7749b30b62721f3acb5) Importer(815301076,1909f56bfc062723c751e8b465ee728b)
Start importing Assets/Pallete/main_lev_build_1_62.asset using Guid(5ccdc57e5bc6d7749b30b62721f3acb5) Importer(815301076,1909f56bfc062723c751e8b465ee728b)  -> (artifact id: '7ad75565cb98fd4585e23d1becae7876') in 0.043754 seconds 
========================================================================
Received Import Request.
  Time since last request: 0.000037 seconds.
  path: Assets/Pallete/main_lev_build_1_81.asset
  artifactKey: Guid(7a6bb8777b2d57e48bf4f3c086d325cc) Importer(815301076,1909f56bfc062723c751e8b465ee728b)
Start importing Assets/Pallete/main_lev_build_1_81.asset using Guid(7a6bb8777b2d57e48bf4f3c086d325cc) Importer(815301076,1909f56bfc062723c751e8b465ee728b)  -> (artifact id: 'b6238ab6111715455b9fa5b947a1d02a') in 0.032123 seconds 
========================================================================
Received Import Request.
  Time since last request: 0.000035 seconds.
  path: Assets/Pallete/main_lev_build_1_101.asset
  artifactKey: Guid(4ab8b05a3be1ed147befc52e20289926) Importer(815301076,1909f56bfc062723c751e8b465ee728b)
Start importing Assets/Pallete/main_lev_build_1_101.asset using Guid(4ab8b05a3be1ed147befc52e20289926) Importer(815301076,1909f56bfc062723c751e8b465ee728b)  -> (artifact id: 'b8572bcca05f5d0b68620b05f4a92197') in 0.040046 seconds 
========================================================================
Received Import Request.
  Time since last request: 0.000035 seconds.
  path: Assets/Pallete/diamond_small05.asset
  artifactKey: Guid(f8c8600006b3bbd4a9d4a9d3d46a8451) Importer(815301076,1909f56bfc062723c751e8b465ee728b)
Start importing Assets/Pallete/diamond_small05.asset using Guid(f8c8600006b3bbd4a9d4a9d3d46a8451) Importer(815301076,1909f56bfc062723c751e8b465ee728b)  -> (artifact id: 'eabf428e1c80104d5807126508bcf33d') in 0.047455 seconds 
========================================================================
Received Import Request.
  Time since last request: 0.000036 seconds.
  path: Assets/Pallete/main_lev_build_1_97.asset
  artifactKey: Guid(ff6314665db650142a15e29fb3189bea) Importer(815301076,1909f56bfc062723c751e8b465ee728b)
Start importing Assets/Pallete/main_lev_build_1_97.asset using Guid(ff6314665db650142a15e29fb3189bea) Importer(815301076,1909f56bfc062723c751e8b465ee728b)  -> (artifact id: '5d9f1d6a5dfbe5601b8b9f5bc0e8c758') in 0.033493 seconds 
========================================================================
Received Import Request.
  Time since last request: 0.000043 seconds.
  path: Assets/Pallete/main_lev_build_1_16.asset
  artifactKey: Guid(c5129db757095d24eaafea0593ad4c89) Importer(815301076,1909f56bfc062723c751e8b465ee728b)
Start importing Assets/Pallete/main_lev_build_1_16.asset using Guid(c5129db757095d24eaafea0593ad4c89) Importer(815301076,1909f56bfc062723c751e8b465ee728b)  -> (artifact id: 'a60328fb1dbfe14de544ca4114182095') in 0.036527 seconds 
========================================================================
Received Import Request.
  Time since last request: 0.000033 seconds.
  path: Assets/Pallete/main_lev_build_1_28.asset
  artifactKey: Guid(7b166afa2a6ad6e4a9963b1272e25336) Importer(815301076,1909f56bfc062723c751e8b465ee728b)
Start importing Assets/Pallete/main_lev_build_1_28.asset using Guid(7b166afa2a6ad6e4a9963b1272e25336) Importer(815301076,1909f56bfc062723c751e8b465ee728b)  -> (artifact id: '49a0a865e6bda92f5cd9fe32c8296c3e') in 0.029301 seconds 
========================================================================
Received Import Request.
  Time since last request: 0.000037 seconds.
  path: Assets/Pallete/diamond_big_03.asset
  artifactKey: Guid(0257d975dfd82b744abf9e2471ab8a2c) Importer(815301076,1909f56bfc062723c751e8b465ee728b)
Start importing Assets/Pallete/diamond_big_03.asset using Guid(0257d975dfd82b744abf9e2471ab8a2c) Importer(815301076,1909f56bfc062723c751e8b465ee728b)  -> (artifact id: '3a51260a477d80e5fe2033a5a9985d2c') in 0.048318 seconds 
========================================================================
Received Import Request.
  Time since last request: 0.000033 seconds.
  path: Assets/Pallete/main_lev_build_1_53.asset
  artifactKey: Guid(4f4217d30c90816449fb748483ebe487) Importer(815301076,1909f56bfc062723c751e8b465ee728b)
Start importing Assets/Pallete/main_lev_build_1_53.asset using Guid(4f4217d30c90816449fb748483ebe487) Importer(815301076,1909f56bfc062723c751e8b465ee728b)  -> (artifact id: 'eb50f6070fe5d92f608b44b30de4b8da') in 0.030905 seconds 
========================================================================
Received Import Request.
  Time since last request: 0.000058 seconds.
  path: Assets/Pallete/main_lev_build_1_64.asset
  artifactKey: Guid(9c4b3a7dfc5a21741a422ecc7f294c69) Importer(815301076,1909f56bfc062723c751e8b465ee728b)
Start importing Assets/Pallete/main_lev_build_1_64.asset using Guid(9c4b3a7dfc5a21741a422ecc7f294c69) Importer(815301076,1909f56bfc062723c751e8b465ee728b)  -> (artifact id: 'f10c040e9d6a13048f2e05ec309c45b7') in 0.027528 seconds 
========================================================================
Received Import Request.
  Time since last request: 0.000090 seconds.
  path: Assets/Pallete/main_lev_build_1_102.asset
  artifactKey: Guid(718a3a6e0fe1af34eb0dab1f8f05cc37) Importer(815301076,1909f56bfc062723c751e8b465ee728b)
Start importing Assets/Pallete/main_lev_build_1_102.asset using Guid(718a3a6e0fe1af34eb0dab1f8f05cc37) Importer(815301076,1909f56bfc062723c751e8b465ee728b)  -> (artifact id: 'a821b3dc3273c0ad946802d9757b9a07') in 0.023972 seconds 
========================================================================
Received Import Request.
  Time since last request: 0.000039 seconds.
  path: Assets/Pallete/main_lev_build_1_63.asset
  artifactKey: Guid(14f99f67fc841804593ab16d05e961f0) Importer(815301076,1909f56bfc062723c751e8b465ee728b)
Start importing Assets/Pallete/main_lev_build_1_63.asset using Guid(14f99f67fc841804593ab16d05e961f0) Importer(815301076,1909f56bfc062723c751e8b465ee728b)  -> (artifact id: '27c5142e0ade3de50cbf519be823c60e') in 0.025346 seconds 
========================================================================
Received Import Request.
  Time since last request: 0.000035 seconds.
  path: Assets/Pallete/main_lev_build_1_57.asset
  artifactKey: Guid(b4665de05cf198a4894f2b2a0e29cdb3) Importer(815301076,1909f56bfc062723c751e8b465ee728b)
Start importing Assets/Pallete/main_lev_build_1_57.asset using Guid(b4665de05cf198a4894f2b2a0e29cdb3) Importer(815301076,1909f56bfc062723c751e8b465ee728b)  -> (artifact id: 'bedea2c914d052e1235a1507440dbb68') in 0.028630 seconds 
========================================================================
Received Import Request.
  Time since last request: 0.000038 seconds.
  path: Assets/Pallete/diamond_big_05.asset
  artifactKey: Guid(e6759ba8b74c6b54dbf90d986d003340) Importer(815301076,1909f56bfc062723c751e8b465ee728b)
Start importing Assets/Pallete/diamond_big_05.asset using Guid(e6759ba8b74c6b54dbf90d986d003340) Importer(815301076,1909f56bfc062723c751e8b465ee728b)  -> (artifact id: '35104f3bd48d560c68898119be0851dc') in 0.031806 seconds 
========================================================================
Received Import Request.
  Time since last request: 0.000037 seconds.
  path: Assets/Pallete/main_lev_build_1_96.asset
  artifactKey: Guid(7dd7db657b3e675428505fc61f8ed198) Importer(815301076,1909f56bfc062723c751e8b465ee728b)
Start importing Assets/Pallete/main_lev_build_1_96.asset using Guid(7dd7db657b3e675428505fc61f8ed198) Importer(815301076,1909f56bfc062723c751e8b465ee728b)  -> (artifact id: '2fb539e8e0878b7aa1d4005e7c1fe725') in 0.045875 seconds 
========================================================================
Received Import Request.
  Time since last request: 0.000036 seconds.
  path: Assets/Pallete/main_lev_build_1_46.asset
  artifactKey: Guid(3d9a04a62b5aef844919fe9d737623b1) Importer(815301076,1909f56bfc062723c751e8b465ee728b)
Start importing Assets/Pallete/main_lev_build_1_46.asset using Guid(3d9a04a62b5aef844919fe9d737623b1) Importer(815301076,1909f56bfc062723c751e8b465ee728b)  -> (artifact id: 'c92a919cd31c961ddfd69d416321c404') in 0.025340 seconds 
========================================================================
Received Import Request.
  Time since last request: 0.000054 seconds.
  path: Assets/Pallete/main_lev_build_1_91.asset
  artifactKey: Guid(669be6a3b0183b2428e19b5e0cd8bc79) Importer(815301076,1909f56bfc062723c751e8b465ee728b)
Start importing Assets/Pallete/main_lev_build_1_91.asset using Guid(669be6a3b0183b2428e19b5e0cd8bc79) Importer(815301076,1909f56bfc062723c751e8b465ee728b)  -> (artifact id: '054a685a1ab8e57a98d0497fdf1f34a3') in 0.029241 seconds 
========================================================================
Received Import Request.
  Time since last request: 0.420111 seconds.
  path: Assets/Pallete/main_lev_build_1_105.asset
  artifactKey: Guid(1e8065a57892a584698523df16cdadf5) Importer(815301076,1909f56bfc062723c751e8b465ee728b)
Start importing Assets/Pallete/main_lev_build_1_105.asset using Guid(1e8065a57892a584698523df16cdadf5) Importer(815301076,1909f56bfc062723c751e8b465ee728b)  -> (artifact id: '4f2025423523ce18b90aaaea1cc73c67') in 0.030030 seconds 
========================================================================
Received Import Request.
  Time since last request: 0.000027 seconds.
  path: Assets/Pallete/main_lev_build_1_108.asset
  artifactKey: Guid(2bdf085522542c3469c2a9c5512aa081) Importer(815301076,1909f56bfc062723c751e8b465ee728b)
Start importing Assets/Pallete/main_lev_build_1_108.asset using Guid(2bdf085522542c3469c2a9c5512aa081) Importer(815301076,1909f56bfc062723c751e8b465ee728b)  -> (artifact id: '7b2c1baa02a6801b91fed862d737aa22') in 0.025829 seconds 
========================================================================
Received Import Request.
  Time since last request: 0.000030 seconds.
  path: Assets/Pallete/main_lev_build_2_9.asset
  artifactKey: Guid(2125d0016e8be9c44b9bb3a74d4602ce) Importer(815301076,1909f56bfc062723c751e8b465ee728b)
Start importing Assets/Pallete/main_lev_build_2_9.asset using Guid(2125d0016e8be9c44b9bb3a74d4602ce) Importer(815301076,1909f56bfc062723c751e8b465ee728b)  -> (artifact id: '4f0f4b6ec550508e7f38533723146d43') in 0.021568 seconds 
========================================================================
Received Import Request.
  Time since last request: 0.000030 seconds.
  path: Assets/Pallete/main_lev_build_1_117.asset
  artifactKey: Guid(f80c396db5f12604b90885f6a3de10ce) Importer(815301076,1909f56bfc062723c751e8b465ee728b)
Start importing Assets/Pallete/main_lev_build_1_117.asset using Guid(f80c396db5f12604b90885f6a3de10ce) Importer(815301076,1909f56bfc062723c751e8b465ee728b)  -> (artifact id: 'ea566d1abe8a07c0bbb882f58915a443') in 0.024411 seconds 
========================================================================
Received Import Request.
  Time since last request: 0.000038 seconds.
  path: Assets/Pallete/main_lev_build_2_0.asset
  artifactKey: Guid(69b60d70362fd7549b8ad854a6895c50) Importer(815301076,1909f56bfc062723c751e8b465ee728b)
Start importing Assets/Pallete/main_lev_build_2_0.asset using Guid(69b60d70362fd7549b8ad854a6895c50) Importer(815301076,1909f56bfc062723c751e8b465ee728b)  -> (artifact id: '959fbebb0f1f84ccd877cd7a2ee2221b') in 0.023563 seconds 
========================================================================
Received Import Request.
  Time since last request: 0.000053 seconds.
  path: Assets/Pallete/main_lev_build_2_5.asset
  artifactKey: Guid(601e0fecc44a9ec43acb1aeaa8b65840) Importer(815301076,1909f56bfc062723c751e8b465ee728b)
Start importing Assets/Pallete/main_lev_build_2_5.asset using Guid(601e0fecc44a9ec43acb1aeaa8b65840) Importer(815301076,1909f56bfc062723c751e8b465ee728b)  -> (artifact id: 'a4ee2b95e9f53b6df8e4d054168daf21') in 0.030778 seconds 
========================================================================
Received Import Request.
  Time since last request: 0.000027 seconds.
  path: Assets/Pallete/main_lev_build_1_115.asset
  artifactKey: Guid(18d4021389a474a4f9f4f693e74844ea) Importer(815301076,1909f56bfc062723c751e8b465ee728b)
Start importing Assets/Pallete/main_lev_build_1_115.asset using Guid(18d4021389a474a4f9f4f693e74844ea) Importer(815301076,1909f56bfc062723c751e8b465ee728b)  -> (artifact id: '94eda48e3993859afad21cc27b43103c') in 0.020931 seconds 
========================================================================
Received Import Request.
  Time since last request: 0.000030 seconds.
  path: Assets/Pallete/main_lev_build_2_10.asset
  artifactKey: Guid(925ca498374178c4bb5788b65fe32bc3) Importer(815301076,1909f56bfc062723c751e8b465ee728b)
Start importing Assets/Pallete/main_lev_build_2_10.asset using Guid(925ca498374178c4bb5788b65fe32bc3) Importer(815301076,1909f56bfc062723c751e8b465ee728b)  -> (artifact id: '042156d02722ad288fb4b243173a5571') in 0.024715 seconds 
========================================================================
Received Import Request.
  Time since last request: 0.000031 seconds.
  path: Assets/Pallete/main_lev_build_2_28.asset
  artifactKey: Guid(5c8bc3e72cf2bd24699f3ee10e4f6020) Importer(815301076,1909f56bfc062723c751e8b465ee728b)
Start importing Assets/Pallete/main_lev_build_2_28.asset using Guid(5c8bc3e72cf2bd24699f3ee10e4f6020) Importer(815301076,1909f56bfc062723c751e8b465ee728b)  -> (artifact id: '2d9fe88df6c044242a732f4fedface6b') in 0.020921 seconds 
========================================================================
Received Import Request.
  Time since last request: 0.000030 seconds.
  path: Assets/Pallete/main_lev_build_2_39.asset
  artifactKey: Guid(d619b8c2c73dcfa4b95621d092fefea2) Importer(815301076,1909f56bfc062723c751e8b465ee728b)
Start importing Assets/Pallete/main_lev_build_2_39.asset using Guid(d619b8c2c73dcfa4b95621d092fefea2) Importer(815301076,1909f56bfc062723c751e8b465ee728b)  -> (artifact id: '107f505969eaa54ac54dbe07b7cc24f6') in 0.019747 seconds 
========================================================================
Received Import Request.
  Time since last request: 0.000029 seconds.
  path: Assets/Pallete/main_lev_build_2_26.asset
  artifactKey: Guid(cad0bb83c52142141b0280af576e4e5f) Importer(815301076,1909f56bfc062723c751e8b465ee728b)
Start importing Assets/Pallete/main_lev_build_2_26.asset using Guid(cad0bb83c52142141b0280af576e4e5f) Importer(815301076,1909f56bfc062723c751e8b465ee728b)  -> (artifact id: 'cb5c33fc9ec451686554f918f9ac1463') in 0.021575 seconds 
========================================================================
Received Import Request.
  Time since last request: 0.000053 seconds.
  path: Assets/Pallete/main_lev_build_2_37.asset
  artifactKey: Guid(179be3cc1072c1b409b83130c2908b88) Importer(815301076,1909f56bfc062723c751e8b465ee728b)
Start importing Assets/Pallete/main_lev_build_2_37.asset using Guid(179be3cc1072c1b409b83130c2908b88) Importer(815301076,1909f56bfc062723c751e8b465ee728b)  -> (artifact id: '6893006fb17da062f04f6686d517bbcd') in 0.021181 seconds 
========================================================================
Received Import Request.
  Time since last request: 0.000045 seconds.
  path: Assets/Pallete/main_lev_build_2_18.asset
  artifactKey: Guid(fa1474f3ea8c53d469d8ed6d0b10df9e) Importer(815301076,1909f56bfc062723c751e8b465ee728b)
Start importing Assets/Pallete/main_lev_build_2_18.asset using Guid(fa1474f3ea8c53d469d8ed6d0b10df9e) Importer(815301076,1909f56bfc062723c751e8b465ee728b)  -> (artifact id: '3b4326f0cb2e7f25c6198447df598b9f') in 0.019916 seconds 
========================================================================
Received Import Request.
  Time since last request: 0.000022 seconds.
  path: Assets/Pallete/main_lev_build_2_29.asset
  artifactKey: Guid(909f1b877d38c664e8c0e883b349837b) Importer(815301076,1909f56bfc062723c751e8b465ee728b)
Start importing Assets/Pallete/main_lev_build_2_29.asset using Guid(909f1b877d38c664e8c0e883b349837b) Importer(815301076,1909f56bfc062723c751e8b465ee728b)  -> (artifact id: '6c4755881ee6a17cba86a376088dc652') in 0.021441 seconds 
========================================================================
Received Import Request.
  Time since last request: 0.000025 seconds.
  path: Assets/Pallete/main_lev_build_2_23.asset
  artifactKey: Guid(924211d99118c0f40bc929bcee60d86a) Importer(815301076,1909f56bfc062723c751e8b465ee728b)
Start importing Assets/Pallete/main_lev_build_2_23.asset using Guid(924211d99118c0f40bc929bcee60d86a) Importer(815301076,1909f56bfc062723c751e8b465ee728b)  -> (artifact id: '3bdf775387bcdf77df404df0e3a9a0f3') in 0.020210 seconds 
========================================================================
Received Import Request.
  Time since last request: 0.000027 seconds.
  path: Assets/Pallete/main_lev_build_2_13.asset
  artifactKey: Guid(3d54bdf18b50dd9459d211328f9a0f45) Importer(815301076,1909f56bfc062723c751e8b465ee728b)
Start importing Assets/Pallete/main_lev_build_2_13.asset using Guid(3d54bdf18b50dd9459d211328f9a0f45) Importer(815301076,1909f56bfc062723c751e8b465ee728b)  -> (artifact id: '05838d3cf22233b2a021de6acf8ffc7a') in 0.022604 seconds 
========================================================================
Received Import Request.
  Time since last request: 0.000026 seconds.
  path: Assets/Pallete/main_lev_build_1_111.asset
  artifactKey: Guid(58f76859737f1474bbb3674a8ea82cb4) Importer(815301076,1909f56bfc062723c751e8b465ee728b)
Start importing Assets/Pallete/main_lev_build_1_111.asset using Guid(58f76859737f1474bbb3674a8ea82cb4) Importer(815301076,1909f56bfc062723c751e8b465ee728b)  -> (artifact id: '758cb5fd2bc6efadd7f2430cd53c96f3') in 0.018933 seconds 
========================================================================
Received Import Request.
  Time since last request: 0.000035 seconds.
  path: Assets/Pallete/main_lev_build_2_12.asset
  artifactKey: Guid(1ffca177c89144340a2a72cca94f6151) Importer(815301076,1909f56bfc062723c751e8b465ee728b)
Start importing Assets/Pallete/main_lev_build_2_12.asset using Guid(1ffca177c89144340a2a72cca94f6151) Importer(815301076,1909f56bfc062723c751e8b465ee728b)  -> (artifact id: '3fa79d8f38b485583f37a4dfc8a46022') in 0.021401 seconds 
========================================================================
Received Import Request.
  Time since last request: 0.000038 seconds.
  path: Assets/Pallete/main_lev_build_2_36.asset
  artifactKey: Guid(df01b2d45f4a22646adace08f01171bd) Importer(815301076,1909f56bfc062723c751e8b465ee728b)
Start importing Assets/Pallete/main_lev_build_2_36.asset using Guid(df01b2d45f4a22646adace08f01171bd) Importer(815301076,1909f56bfc062723c751e8b465ee728b)  -> (artifact id: 'c4932dcd68275326f4ba370e0b709700') in 0.019960 seconds 
========================================================================
Received Import Request.
  Time since last request: 0.000030 seconds.
  path: Assets/Pallete/main_lev_build_2_48.asset
  artifactKey: Guid(07b8dbedb43355147a8a3de688ce1761) Importer(815301076,1909f56bfc062723c751e8b465ee728b)
Start importing Assets/Pallete/main_lev_build_2_48.asset using Guid(07b8dbedb43355147a8a3de688ce1761) Importer(815301076,1909f56bfc062723c751e8b465ee728b)  -> (artifact id: '36870fc5daa24f45ca4c62151af2ce4e') in 0.021591 seconds 
========================================================================
Received Import Request.
  Time since last request: 0.000053 seconds.
  path: Assets/Pallete/main_lev_build_2_53.asset
  artifactKey: Guid(7d74694d3f98e044d82384963be3e6a6) Importer(815301076,1909f56bfc062723c751e8b465ee728b)
Start importing Assets/Pallete/main_lev_build_2_53.asset using Guid(7d74694d3f98e044d82384963be3e6a6) Importer(815301076,1909f56bfc062723c751e8b465ee728b)  -> (artifact id: '151224d498131fc66336d919e578da88') in 0.021847 seconds 
========================================================================
Received Import Request.
  Time since last request: 0.000028 seconds.
  path: Assets/Pallete/main_lev_build_2_68.asset
  artifactKey: Guid(01d5a93ee07b3a643b6ca4cad7032dd4) Importer(815301076,1909f56bfc062723c751e8b465ee728b)
Start importing Assets/Pallete/main_lev_build_2_68.asset using Guid(01d5a93ee07b3a643b6ca4cad7032dd4) Importer(815301076,1909f56bfc062723c751e8b465ee728b)  -> (artifact id: '02fce307ae8c467da9d0724e12e636a5') in 0.020126 seconds 
========================================================================
Received Import Request.
  Time since last request: 0.000025 seconds.
  path: Assets/Pallete/main_lev_build_2_65.asset
  artifactKey: Guid(84ca7b917800e074484e5dc21453f0c1) Importer(815301076,1909f56bfc062723c751e8b465ee728b)
Start importing Assets/Pallete/main_lev_build_2_65.asset using Guid(84ca7b917800e074484e5dc21453f0c1) Importer(815301076,1909f56bfc062723c751e8b465ee728b)  -> (artifact id: '896db13034d34481e3cf439480aa3507') in 0.018716 seconds 
========================================================================
Received Import Request.
  Time since last request: 0.000046 seconds.
  path: Assets/Pallete/main_lev_build_2_66.asset
  artifactKey: Guid(2c72b74a990a55d409761662f68a3aef) Importer(815301076,1909f56bfc062723c751e8b465ee728b)
Start importing Assets/Pallete/main_lev_build_2_66.asset using Guid(2c72b74a990a55d409761662f68a3aef) Importer(815301076,1909f56bfc062723c751e8b465ee728b)  -> (artifact id: '06cc029d087a0fbfc837f9d1be3e77c8') in 0.019081 seconds 
========================================================================
Received Import Request.
  Time since last request: 0.000035 seconds.
  path: Assets/Pallete/main_lev_build_2_49.asset
  artifactKey: Guid(d5c2d995c02622e4991ce4b76a0a5c2d) Importer(815301076,1909f56bfc062723c751e8b465ee728b)
Start importing Assets/Pallete/main_lev_build_2_49.asset using Guid(d5c2d995c02622e4991ce4b76a0a5c2d) Importer(815301076,1909f56bfc062723c751e8b465ee728b)  -> (artifact id: 'dd816a63aabf760bf7f5df419a250841') in 0.020184 seconds 
========================================================================
Received Import Request.
  Time since last request: 0.000035 seconds.
  path: Assets/Pallete/main_lev_build_2_14.asset
  artifactKey: Guid(f48aafa08a7b17d4baed37b00e3658ae) Importer(815301076,1909f56bfc062723c751e8b465ee728b)
Start importing Assets/Pallete/main_lev_build_2_14.asset using Guid(f48aafa08a7b17d4baed37b00e3658ae) Importer(815301076,1909f56bfc062723c751e8b465ee728b)  -> (artifact id: 'e8af3c185478ec2253119688a0e08b65') in 0.018107 seconds 
========================================================================
Received Import Request.
  Time since last request: 0.000033 seconds.
  path: Assets/Pallete/main_lev_build_2_22.asset
  artifactKey: Guid(47da12202b973f04597455dd4170bd40) Importer(815301076,1909f56bfc062723c751e8b465ee728b)
Start importing Assets/Pallete/main_lev_build_2_22.asset using Guid(47da12202b973f04597455dd4170bd40) Importer(815301076,1909f56bfc062723c751e8b465ee728b)  -> (artifact id: '690148f1fcc9f6b0358336887bedf1d0') in 0.022296 seconds 
========================================================================
Received Import Request.
  Time since last request: 0.000041 seconds.
  path: Assets/Pallete/main_lev_build_1_114.asset
  artifactKey: Guid(a6c8b768a409359469563ab47e2e6e2c) Importer(815301076,1909f56bfc062723c751e8b465ee728b)
Start importing Assets/Pallete/main_lev_build_1_114.asset using Guid(a6c8b768a409359469563ab47e2e6e2c) Importer(815301076,1909f56bfc062723c751e8b465ee728b)  -> (artifact id: '906c9a9e6c86d8f0b52bc3433630682a') in 0.022048 seconds 
========================================================================
Received Import Request.
  Time since last request: 0.000031 seconds.
  path: Assets/Pallete/main_lev_build_2_46.asset
  artifactKey: Guid(cb01d5bf3bb0c364ba8ef21cf137a028) Importer(815301076,1909f56bfc062723c751e8b465ee728b)
Start importing Assets/Pallete/main_lev_build_2_46.asset using Guid(cb01d5bf3bb0c364ba8ef21cf137a028) Importer(815301076,1909f56bfc062723c751e8b465ee728b)  -> (artifact id: '2d1be0c6151b26102454516363a0bf63') in 0.022190 seconds 
========================================================================
Received Import Request.
  Time since last request: 0.000047 seconds.
  path: Assets/Pallete/rocks_8.asset
  artifactKey: Guid(8c058aebdddef4a4d96096e175649e02) Importer(815301076,1909f56bfc062723c751e8b465ee728b)
Start importing Assets/Pallete/rocks_8.asset using Guid(8c058aebdddef4a4d96096e175649e02) Importer(815301076,1909f56bfc062723c751e8b465ee728b)  -> (artifact id: '634f64a4dfbbaa92fd85b5411575342f') in 0.023675 seconds 
========================================================================
Received Import Request.
  Time since last request: 0.000027 seconds.
  path: Assets/Pallete/main_lev_build_2_79.asset
  artifactKey: Guid(f10c41415928a824a949132a920e5055) Importer(815301076,1909f56bfc062723c751e8b465ee728b)
Start importing Assets/Pallete/main_lev_build_2_79.asset using Guid(f10c41415928a824a949132a920e5055) Importer(815301076,1909f56bfc062723c751e8b465ee728b)  -> (artifact id: '2282f3c346cf934d0069afc045d3a274') in 0.023293 seconds 
========================================================================
Received Import Request.
  Time since last request: 0.000028 seconds.
  path: Assets/Pallete/rocks_11.asset
  artifactKey: Guid(a70c6540a0e2a1d4f9242b2c95a534db) Importer(815301076,1909f56bfc062723c751e8b465ee728b)
Start importing Assets/Pallete/rocks_11.asset using Guid(a70c6540a0e2a1d4f9242b2c95a534db) Importer(815301076,1909f56bfc062723c751e8b465ee728b)  -> (artifact id: 'a0b9801f9fad347afc3737a681be274e') in 0.021249 seconds 
========================================================================
Received Import Request.
  Time since last request: 0.000033 seconds.
  path: Assets/Pallete/main_lev_build_2_71.asset
  artifactKey: Guid(8f3931af054ad5d43bf9dbe2d9297edc) Importer(815301076,1909f56bfc062723c751e8b465ee728b)
Start importing Assets/Pallete/main_lev_build_2_71.asset using Guid(8f3931af054ad5d43bf9dbe2d9297edc) Importer(815301076,1909f56bfc062723c751e8b465ee728b)  -> (artifact id: 'fe675c6bf6b13cb80db635e25385a7e7') in 0.019118 seconds 
========================================================================
Received Import Request.
  Time since last request: 0.000037 seconds.
  path: Assets/Pallete/rocks_16.asset
  artifactKey: Guid(39b3234d23ac76a4b9bdfe383df275a1) Importer(815301076,1909f56bfc062723c751e8b465ee728b)
Start importing Assets/Pallete/rocks_16.asset using Guid(39b3234d23ac76a4b9bdfe383df275a1) Importer(815301076,1909f56bfc062723c751e8b465ee728b)  -> (artifact id: '116b6998716a77b300207f13d4e4f358') in 0.025567 seconds 
========================================================================
Received Import Request.
  Time since last request: 0.000058 seconds.
  path: Assets/Pallete/rocks_23.asset
  artifactKey: Guid(5ac3ff920ae05944c8e02529b8e437fd) Importer(815301076,1909f56bfc062723c751e8b465ee728b)
Start importing Assets/Pallete/rocks_23.asset using Guid(5ac3ff920ae05944c8e02529b8e437fd) Importer(815301076,1909f56bfc062723c751e8b465ee728b)  -> (artifact id: '43ec054c764da65acf733a7960f97800') in 0.021524 seconds 
========================================================================
Received Import Request.
  Time since last request: 0.000025 seconds.
  path: Assets/Pallete/rocks_27.asset
  artifactKey: Guid(1ba3e461e3943cc4aac684881334ba7e) Importer(815301076,1909f56bfc062723c751e8b465ee728b)
Start importing Assets/Pallete/rocks_27.asset using Guid(1ba3e461e3943cc4aac684881334ba7e) Importer(815301076,1909f56bfc062723c751e8b465ee728b)  -> (artifact id: 'e1de7788ca4795583bdb5743370bc033') in 0.023327 seconds 
========================================================================
Received Import Request.
  Time since last request: 0.000023 seconds.
  path: Assets/Pallete/rocks_13.asset
  artifactKey: Guid(74691b6e9b15e0c42aa13b1672dc3ec6) Importer(815301076,1909f56bfc062723c751e8b465ee728b)
Start importing Assets/Pallete/rocks_13.asset using Guid(74691b6e9b15e0c42aa13b1672dc3ec6) Importer(815301076,1909f56bfc062723c751e8b465ee728b)  -> (artifact id: '061eda3ead6b70ba41ca985488a68ee9') in 0.025665 seconds 
========================================================================
Received Import Request.
  Time since last request: 0.000030 seconds.
  path: Assets/Pallete/main_lev_build_2_70.asset
  artifactKey: Guid(ffe47b506d9cb044a855423f2de25ce0) Importer(815301076,1909f56bfc062723c751e8b465ee728b)
Start importing Assets/Pallete/main_lev_build_2_70.asset using Guid(ffe47b506d9cb044a855423f2de25ce0) Importer(815301076,1909f56bfc062723c751e8b465ee728b)  -> (artifact id: '1511121bc00fb57f4d63d4fc8d661b85') in 0.020997 seconds 
========================================================================
Received Import Request.
  Time since last request: 0.000031 seconds.
  path: Assets/Pallete/rocks_6.asset
  artifactKey: Guid(9c788af46a48b054eb2bb808aaac639a) Importer(815301076,1909f56bfc062723c751e8b465ee728b)
Start importing Assets/Pallete/rocks_6.asset using Guid(9c788af46a48b054eb2bb808aaac639a) Importer(815301076,1909f56bfc062723c751e8b465ee728b)  -> (artifact id: '42cf094c3b6db79b5555daab54a140f0') in 0.020726 seconds 
========================================================================
Received Import Request.
  Time since last request: 0.000034 seconds.
  path: Assets/Pallete/rocks_25.asset
  artifactKey: Guid(2448a302edb86a44ca7542b2630424fe) Importer(815301076,1909f56bfc062723c751e8b465ee728b)
Start importing Assets/Pallete/rocks_25.asset using Guid(2448a302edb86a44ca7542b2630424fe) Importer(815301076,1909f56bfc062723c751e8b465ee728b)  -> (artifact id: '45b14541c1f94f3b7748eca97330102c') in 0.038798 seconds 
========================================================================
Received Import Request.
  Time since last request: 0.000036 seconds.
  path: Assets/Pallete/main_lev_build_2_77.asset
  artifactKey: Guid(d1b35792eeb013240a83acdbd3be9f71) Importer(815301076,1909f56bfc062723c751e8b465ee728b)
Start importing Assets/Pallete/main_lev_build_2_77.asset using Guid(d1b35792eeb013240a83acdbd3be9f71) Importer(815301076,1909f56bfc062723c751e8b465ee728b)  -> (artifact id: 'b3ca62ec43082dd8e5f824f671673a9d') in 0.027517 seconds 
========================================================================
Received Import Request.
  Time since last request: 0.000047 seconds.
  path: Assets/Pallete/rocks_14.asset
  artifactKey: Guid(bb739b3310edac74c864583ff4623d05) Importer(815301076,1909f56bfc062723c751e8b465ee728b)
Start importing Assets/Pallete/rocks_14.asset using Guid(bb739b3310edac74c864583ff4623d05) Importer(815301076,1909f56bfc062723c751e8b465ee728b)  -> (artifact id: '80f382f4d4a4a18df85772847d81e940') in 0.026789 seconds 
========================================================================
Received Import Request.
  Time since last request: 0.000030 seconds.
  path: Assets/Pallete/main_lev_build_2_20.asset
  artifactKey: Guid(f96743b6fc2daea42b14f74ed1fabbdf) Importer(815301076,1909f56bfc062723c751e8b465ee728b)
Start importing Assets/Pallete/main_lev_build_2_20.asset using Guid(f96743b6fc2daea42b14f74ed1fabbdf) Importer(815301076,1909f56bfc062723c751e8b465ee728b)  -> (artifact id: 'a35e001c0943dcdce0c8cdbf777c2e53') in 0.022920 seconds 
========================================================================
Received Import Request.
  Time since last request: 0.000034 seconds.
  path: Assets/Pallete/main_lev_build_2_34.asset
  artifactKey: Guid(8fc5f176bc4583e4a943f7ed73d3b947) Importer(815301076,1909f56bfc062723c751e8b465ee728b)
Start importing Assets/Pallete/main_lev_build_2_34.asset using Guid(8fc5f176bc4583e4a943f7ed73d3b947) Importer(815301076,1909f56bfc062723c751e8b465ee728b)  -> (artifact id: 'afbee4fc8b23237c4fef032063bc5386') in 0.023517 seconds 
========================================================================
Received Import Request.
  Time since last request: 0.000028 seconds.
  path: Assets/Pallete/main_lev_build_2_11.asset
  artifactKey: Guid(ff0b2e4a5af9614438051726cb9cef1d) Importer(815301076,1909f56bfc062723c751e8b465ee728b)
Start importing Assets/Pallete/main_lev_build_2_11.asset using Guid(ff0b2e4a5af9614438051726cb9cef1d) Importer(815301076,1909f56bfc062723c751e8b465ee728b)  -> (artifact id: 'a67cd4e4d21f78a386ab2bb8fc2d8a89') in 0.021220 seconds 
========================================================================
Received Import Request.
  Time since last request: 0.000026 seconds.
  path: Assets/Pallete/main_lev_build_2_74.asset
  artifactKey: Guid(815a09dd9c9ae424db2e2908ad371dde) Importer(815301076,1909f56bfc062723c751e8b465ee728b)
Start importing Assets/Pallete/main_lev_build_2_74.asset using Guid(815a09dd9c9ae424db2e2908ad371dde) Importer(815301076,1909f56bfc062723c751e8b465ee728b)  -> (artifact id: '5c0d5af356b122abd1049aa3ee6c929d') in 0.023486 seconds 
========================================================================
Received Import Request.
  Time since last request: 0.000027 seconds.
  path: Assets/Pallete/rocks_5.asset
  artifactKey: Guid(a5afb813fd5d5814993d348685905d9e) Importer(815301076,1909f56bfc062723c751e8b465ee728b)
Start importing Assets/Pallete/rocks_5.asset using Guid(a5afb813fd5d5814993d348685905d9e) Importer(815301076,1909f56bfc062723c751e8b465ee728b)  -> (artifact id: 'f0fa8fa2a46df4225d56ea80b0e108db') in 0.021149 seconds 
========================================================================
Received Import Request.
  Time since last request: 0.000063 seconds.
  path: Assets/Pallete/rocks_12.asset
  artifactKey: Guid(322355a2827e0a744b440768a819dd93) Importer(815301076,1909f56bfc062723c751e8b465ee728b)
Start importing Assets/Pallete/rocks_12.asset using Guid(322355a2827e0a744b440768a819dd93) Importer(815301076,1909f56bfc062723c751e8b465ee728b)  -> (artifact id: 'e5d2f83011771d17bd05370025cade4f') in 0.021853 seconds 
========================================================================
Received Import Request.
  Time since last request: 0.000035 seconds.
  path: Assets/Pallete/main_lev_build_2_43.asset
  artifactKey: Guid(3cd27edb95a958c43a4843679838deec) Importer(815301076,1909f56bfc062723c751e8b465ee728b)
Start importing Assets/Pallete/main_lev_build_2_43.asset using Guid(3cd27edb95a958c43a4843679838deec) Importer(815301076,1909f56bfc062723c751e8b465ee728b)  -> (artifact id: '33ddb9adf0106db86b2a7fa490b7084a') in 0.020773 seconds 
========================================================================
Received Import Request.
  Time since last request: 0.000033 seconds.
  path: Assets/Pallete/main_lev_build_1_113.asset
  artifactKey: Guid(f660b939bf5c97445a2297b0f6acb1eb) Importer(815301076,1909f56bfc062723c751e8b465ee728b)
Start importing Assets/Pallete/main_lev_build_1_113.asset using Guid(f660b939bf5c97445a2297b0f6acb1eb) Importer(815301076,1909f56bfc062723c751e8b465ee728b)  -> (artifact id: '7184910ac47e8ce1fb4ed84704ddd6a0') in 0.022732 seconds 
========================================================================
Received Import Request.
  Time since last request: 0.000032 seconds.
  path: Assets/Pallete/main_lev_build_2_78.asset
  artifactKey: Guid(4bfca2ab46ebac3439270a3fb6caf7c1) Importer(815301076,1909f56bfc062723c751e8b465ee728b)
Start importing Assets/Pallete/main_lev_build_2_78.asset using Guid(4bfca2ab46ebac3439270a3fb6caf7c1) Importer(815301076,1909f56bfc062723c751e8b465ee728b)  -> (artifact id: 'bb34d1c327cb9c07c47c34d9d621de1e') in 0.021881 seconds 
========================================================================
Received Import Request.
  Time since last request: 0.000029 seconds.
  path: Assets/Pallete/main_lev_build_2_55.asset
  artifactKey: Guid(99ce2ecf6bb082342a7bb4c9a1d88f67) Importer(815301076,1909f56bfc062723c751e8b465ee728b)
Start importing Assets/Pallete/main_lev_build_2_55.asset using Guid(99ce2ecf6bb082342a7bb4c9a1d88f67) Importer(815301076,1909f56bfc062723c751e8b465ee728b)  -> (artifact id: 'e64a56b0f31063e26bb271b527cbb4c1') in 0.024319 seconds 
========================================================================
Received Import Request.
  Time since last request: 0.000025 seconds.
  path: Assets/Pallete/main_lev_build_2_69.asset
  artifactKey: Guid(cb29d1b687d46244bbad9b0b812b19a5) Importer(815301076,1909f56bfc062723c751e8b465ee728b)
Start importing Assets/Pallete/main_lev_build_2_69.asset using Guid(cb29d1b687d46244bbad9b0b812b19a5) Importer(815301076,1909f56bfc062723c751e8b465ee728b)  -> (artifact id: '23ddb5493cea6e702e6b476256397911') in 0.022972 seconds 
========================================================================
Received Import Request.
  Time since last request: 0.000030 seconds.
  path: Assets/Pallete/main_lev_build_2_44.asset
  artifactKey: Guid(6b057def1d340df408ef6d913e43a73e) Importer(815301076,1909f56bfc062723c751e8b465ee728b)
Start importing Assets/Pallete/main_lev_build_2_44.asset using Guid(6b057def1d340df408ef6d913e43a73e) Importer(815301076,1909f56bfc062723c751e8b465ee728b)  -> (artifact id: '1c536046959a5bb268d2cb918d5bad22') in 0.023148 seconds 
========================================================================
Received Import Request.
  Time since last request: 0.000034 seconds.
  path: Assets/Pallete/rocks_3.asset
  artifactKey: Guid(1fa4555c243427d4e8d3c7d9e234689b) Importer(815301076,1909f56bfc062723c751e8b465ee728b)
Start importing Assets/Pallete/rocks_3.asset using Guid(1fa4555c243427d4e8d3c7d9e234689b) Importer(815301076,1909f56bfc062723c751e8b465ee728b)  -> (artifact id: '8f5e45e7280f16e48d589661357ed874') in 0.024361 seconds 
========================================================================
Received Import Request.
  Time since last request: 0.000045 seconds.
  path: Assets/Pallete/main_lev_build_2_30.asset
  artifactKey: Guid(efe6e22f4a84cbf48839bcbb48d3ddf4) Importer(815301076,1909f56bfc062723c751e8b465ee728b)
Start importing Assets/Pallete/main_lev_build_2_30.asset using Guid(efe6e22f4a84cbf48839bcbb48d3ddf4) Importer(815301076,1909f56bfc062723c751e8b465ee728b)  -> (artifact id: '005b909df56fad616bc61112f6e1b294') in 0.018560 seconds 
========================================================================
Received Import Request.
  Time since last request: 0.000029 seconds.
  path: Assets/Pallete/rocks_4.asset
  artifactKey: Guid(4f4e8ee421736254292eaea8692acf38) Importer(815301076,1909f56bfc062723c751e8b465ee728b)
Start importing Assets/Pallete/rocks_4.asset using Guid(4f4e8ee421736254292eaea8692acf38) Importer(815301076,1909f56bfc062723c751e8b465ee728b)  -> (artifact id: '26397a3b073e26dd6c82df998dadc9b0') in 0.020761 seconds 
========================================================================
Received Import Request.
  Time since last request: 0.000088 seconds.
  path: Assets/Pallete/main_lev_build_2_54.asset
  artifactKey: Guid(1bb91c56b021aa7429126fa06ea1545d) Importer(815301076,1909f56bfc062723c751e8b465ee728b)
Start importing Assets/Pallete/main_lev_build_2_54.asset using Guid(1bb91c56b021aa7429126fa06ea1545d) Importer(815301076,1909f56bfc062723c751e8b465ee728b)  -> (artifact id: '7ff753bb8e3754ea206afe31762a3a9e') in 0.020844 seconds 
========================================================================
Received Import Request.
  Time since last request: 0.000032 seconds.
  path: Assets/Pallete/walk03.asset
  artifactKey: Guid(d6a94aea86ee3a6429bb19ea524cd23a) Importer(815301076,1909f56bfc062723c751e8b465ee728b)
Start importing Assets/Pallete/walk03.asset using Guid(d6a94aea86ee3a6429bb19ea524cd23a) Importer(815301076,1909f56bfc062723c751e8b465ee728b)  -> (artifact id: 'a2960e1b6318a6dd7c4c57dfffa9cf5f') in 0.023336 seconds 
========================================================================
Received Import Request.
  Time since last request: 0.000025 seconds.
  path: Assets/Pallete/rocks_7.asset
  artifactKey: Guid(abc1643bd31dcb64fb04224fd78aaeb0) Importer(815301076,1909f56bfc062723c751e8b465ee728b)
Start importing Assets/Pallete/rocks_7.asset using Guid(abc1643bd31dcb64fb04224fd78aaeb0) Importer(815301076,1909f56bfc062723c751e8b465ee728b)  -> (artifact id: '07f2dd3ad984164313e49182f4775c6a') in 0.026095 seconds 
========================================================================
Received Import Request.
  Time since last request: 0.000035 seconds.
  path: Assets/Pallete/main_lev_build_2_31.asset
  artifactKey: Guid(e39255b8be4203b449c100c3364a6eac) Importer(815301076,1909f56bfc062723c751e8b465ee728b)
Start importing Assets/Pallete/main_lev_build_2_31.asset using Guid(e39255b8be4203b449c100c3364a6eac) Importer(815301076,1909f56bfc062723c751e8b465ee728b)  -> (artifact id: 'f3982dab3ecb80220eb302f88942435e') in 0.021792 seconds 
========================================================================
Received Import Request.
  Time since last request: 0.000030 seconds.
  path: Assets/Pallete/main_lev_build_2_61.asset
  artifactKey: Guid(b20a8cee78a6a404dbe15c3861b78fe3) Importer(815301076,1909f56bfc062723c751e8b465ee728b)
Start importing Assets/Pallete/main_lev_build_2_61.asset using Guid(b20a8cee78a6a404dbe15c3861b78fe3) Importer(815301076,1909f56bfc062723c751e8b465ee728b)  -> (artifact id: 'f4afeaaa3861e0be7c76e1afe1095737') in 0.022072 seconds 
========================================================================
Received Import Request.
  Time since last request: 0.000043 seconds.
  path: Assets/Pallete/rocks_21.asset
  artifactKey: Guid(d8b67f75d35df4c4b9fa44ec791d2e7c) Importer(815301076,1909f56bfc062723c751e8b465ee728b)
Start importing Assets/Pallete/rocks_21.asset using Guid(d8b67f75d35df4c4b9fa44ec791d2e7c) Importer(815301076,1909f56bfc062723c751e8b465ee728b)  -> (artifact id: '6abad040a770fb3267b2e08ba7640034') in 0.020971 seconds 
========================================================================
Received Import Request.
  Time since last request: 0.000026 seconds.
  path: Assets/Pallete/main_lev_build_2_80.asset
  artifactKey: Guid(019c19585b637df4cbb61149222e0471) Importer(815301076,1909f56bfc062723c751e8b465ee728b)
Start importing Assets/Pallete/main_lev_build_2_80.asset using Guid(019c19585b637df4cbb61149222e0471) Importer(815301076,1909f56bfc062723c751e8b465ee728b)  -> (artifact id: 'f8403efca6fbfb2db6f281c5569112ad') in 0.021369 seconds 
========================================================================
Received Import Request.
  Time since last request: 0.000024 seconds.
  path: Assets/Pallete/main_lev_build_2_2.asset
  artifactKey: Guid(b21d820a40b8e7d4abf9d2cb3183721c) Importer(815301076,1909f56bfc062723c751e8b465ee728b)
Start importing Assets/Pallete/main_lev_build_2_2.asset using Guid(b21d820a40b8e7d4abf9d2cb3183721c) Importer(815301076,1909f56bfc062723c751e8b465ee728b)  -> (artifact id: 'e3e940a3a5ff30975cfe9ec4ae240ebf') in 0.020700 seconds 
